---------------------------------------------------------------
[ 2022-01-20T00:05:00+08:00 ] 127.0.0.1 GET tp5/index.php/admin/show_admin.html
[运行时间：0.059457s] [吞吐率：16.82req/s] [内存消耗：2,930.08kb] [文件加载：54]
[ info ] [ LANG ] D:\phpstudy_pro\WWW\myyds_tp5\thinkphp\lang\zh-cn.php
[ info ] [ BIND ] 'index'
[ info ] [ ROUTE ] array (
  'type' => 'module',
  'module' => 
  array (
    0 => 'index',
    1 => 'admin',
    2 => 'show_admin',
  ),
)
[ info ] [ HEADER ] array (
  'cookie' => 'PHPSESSID=qd2cp1btl3c23ffd3mnrfn98tn',
  'accept-language' => 'zh-CN,zh;q=0.9',
  'accept-encoding' => 'gzip, deflate',
  'referer' => 'http://tp5/index.php/admin/do_edit_user_admin.html',
  'accept' => 'text/html,application/xhtml+xml,application/xml;q=0.9,image/avif,image/webp,image/apng,*/*;q=0.8,application/signed-exchange;v=b3;q=0.9',
  'user-agent' => 'Mozilla/5.0 (Windows NT 10.0; Win64; x64) AppleWebKit/537.36 (KHTML, like Gecko) Chrome/95.0.4638.69 Safari/537.36',
  'upgrade-insecure-requests' => '1',
  'cache-control' => 'max-age=0',
  'connection' => 'close',
  'host' => 'tp5',
)
[ info ] [ PARAM ] array (
)
[ info ] [ SESSION ] INIT array (
  'id' => '',
  'var_session_id' => '',
  'prefix' => 'index',
  'type' => '',
  'auto_start' => true,
  'path' => 'D:\\phpstudy_pro\\WWW\\myyds_tp5\\runtime\\temp\\',
  'expire' => 0,
)
[ info ] [ RUN ] app\index\controller\Admin->show_admin[ D:\phpstudy_pro\WWW\myyds_tp5\application\Index\controller\Admin.php ]
[ info ] [ DB ] INIT mysql
[ info ] [ VIEW ] D:\phpstudy_pro\WWW\myyds_tp5\public/../application/index\view\admin\show_admin.html [ array (
  0 => 'data_list',
  1 => 'page',
  2 => 'data_list1',
  3 => 'page1',
  4 => 'data_list3',
  5 => 'page3',
  6 => 'countuser',
  7 => 'countteacher',
) ]
[ info ] [ LOG ] INIT File
[ sql ] [ DB ] CONNECT:[ UseTime:0.001437s ] mysql:host=127.0.0.1;dbname=mall;charset=utf8
[ sql ] [ SQL ] SHOW COLUMNS FROM `user` [ RunTime:0.001083s ]
[ sql ] [ SQL ] SELECT COUNT(*) AS tp_count FROM `user` LIMIT 1 [ RunTime:0.000598s ]
[ sql ] [ SQL ] SELECT * FROM `user` ORDER BY `id` LIMIT 0,8 [ RunTime:0.000550s ]
[ sql ] [ SQL ] SHOW COLUMNS FROM `teacher` [ RunTime:0.000870s ]
[ sql ] [ SQL ] SELECT COUNT(*) AS tp_count FROM `teacher` LIMIT 1 [ RunTime:0.000498s ]
[ sql ] [ SQL ] SELECT * FROM `teacher` ORDER BY `id` LIMIT 0,8 [ RunTime:0.000513s ]
[ sql ] [ SQL ] SHOW COLUMNS FROM `admin` [ RunTime:0.000884s ]
[ sql ] [ SQL ] SELECT COUNT(*) AS tp_count FROM `admin` LIMIT 1 [ RunTime:0.000487s ]
[ sql ] [ SQL ] SELECT * FROM `admin` ORDER BY `id` LIMIT 0,10 [ RunTime:0.000397s ]
[ sql ] [ SQL ] SELECT COUNT(*) AS tp_count FROM `user` LIMIT 1 [ RunTime:0.000556s ]
[ sql ] [ SQL ] SELECT COUNT(*) AS tp_count FROM `teacher` LIMIT 1 [ RunTime:0.000544s ]
[ error ] [8]未定义变量: info[D:\phpstudy_pro\WWW\myyds_tp5\runtime\temp\cf2a5bfc1b778c26e1d6fc51b59a644d.php:180]
[ error ] [8]未定义变量: info[D:\phpstudy_pro\WWW\myyds_tp5\runtime\temp\cf2a5bfc1b778c26e1d6fc51b59a644d.php:181]
[ error ] [8]未定义变量: data[D:\phpstudy_pro\WWW\myyds_tp5\runtime\temp\cf2a5bfc1b778c26e1d6fc51b59a644d.php:204]
[ error ] [8]未定义变量: data[D:\phpstudy_pro\WWW\myyds_tp5\runtime\temp\cf2a5bfc1b778c26e1d6fc51b59a644d.php:204]
---------------------------------------------------------------
[ 2022-01-20T00:05:06+08:00 ] 127.0.0.1 GET tp5/index.php/admin/edit_user_admin/id/1616040107.html
[运行时间：0.048015s] [吞吐率：20.83req/s] [内存消耗：2,750.24kb] [文件加载：46]
[ info ] [ LANG ] D:\phpstudy_pro\WWW\myyds_tp5\thinkphp\lang\zh-cn.php
[ info ] [ BIND ] 'index'
[ info ] [ ROUTE ] array (
  'type' => 'module',
  'module' => 
  array (
    0 => 'index',
    1 => 'admin',
    2 => 'edit_user_admin',
  ),
)
[ info ] [ HEADER ] array (
  'cookie' => 'PHPSESSID=qd2cp1btl3c23ffd3mnrfn98tn',
  'accept-language' => 'zh-CN,zh;q=0.9',
  'accept-encoding' => 'gzip, deflate',
  'referer' => 'http://tp5/index.php/admin/show_admin.html',
  'accept' => 'text/html,application/xhtml+xml,application/xml;q=0.9,image/avif,image/webp,image/apng,*/*;q=0.8,application/signed-exchange;v=b3;q=0.9',
  'user-agent' => 'Mozilla/5.0 (Windows NT 10.0; Win64; x64) AppleWebKit/537.36 (KHTML, like Gecko) Chrome/95.0.4638.69 Safari/537.36',
  'upgrade-insecure-requests' => '1',
  'connection' => 'close',
  'host' => 'tp5',
)
[ info ] [ PARAM ] array (
  'id' => '1616040107',
)
[ info ] [ SESSION ] INIT array (
  'id' => '',
  'var_session_id' => '',
  'prefix' => 'index',
  'type' => '',
  'auto_start' => true,
  'path' => 'D:\\phpstudy_pro\\WWW\\myyds_tp5\\runtime\\temp\\',
  'expire' => 0,
)
[ info ] [ RUN ] app\index\controller\Admin->edit_user_admin[ D:\phpstudy_pro\WWW\myyds_tp5\application\Index\controller\Admin.php ]
[ info ] [ DB ] INIT mysql
[ info ] [ VIEW ] D:\phpstudy_pro\WWW\myyds_tp5\public/../application/index\view\admin\updateuser_admin.html [ array (
  0 => 'info',
  1 => 'info1',
) ]
[ info ] [ LOG ] INIT File
[ sql ] [ DB ] CONNECT:[ UseTime:0.001291s ] mysql:host=127.0.0.1;dbname=mall;charset=utf8
[ sql ] [ SQL ] SHOW COLUMNS FROM `teacher` [ RunTime:0.001077s ]
[ sql ] [ SQL ] SELECT * FROM `teacher` [ RunTime:0.000424s ]
[ sql ] [ SQL ] SHOW COLUMNS FROM `user` [ RunTime:0.001061s ]
[ sql ] [ SQL ] SELECT * FROM `user` WHERE  `id` = 1616040107 LIMIT 1 [ RunTime:0.000616s ]
---------------------------------------------------------------
[ 2022-01-20T00:05:12+08:00 ] 127.0.0.1 POST tp5/index.php/admin/do_edit_user_admin.html
[运行时间：0.061430s] [吞吐率：16.28req/s] [内存消耗：2,730.62kb] [文件加载：47]
[ info ] [ LANG ] D:\phpstudy_pro\WWW\myyds_tp5\thinkphp\lang\zh-cn.php
[ info ] [ BIND ] 'index'
[ info ] [ ROUTE ] array (
  'type' => 'module',
  'module' => 
  array (
    0 => 'index',
    1 => 'admin',
    2 => 'do_edit_user_admin',
  ),
)
[ info ] [ HEADER ] array (
  'cookie' => 'PHPSESSID=qd2cp1btl3c23ffd3mnrfn98tn',
  'accept-language' => 'zh-CN,zh;q=0.9',
  'accept-encoding' => 'gzip, deflate',
  'referer' => 'http://tp5/index.php/admin/edit_user_admin/id/1616040107.html',
  'accept' => 'text/html,application/xhtml+xml,application/xml;q=0.9,image/avif,image/webp,image/apng,*/*;q=0.8,application/signed-exchange;v=b3;q=0.9',
  'user-agent' => 'Mozilla/5.0 (Windows NT 10.0; Win64; x64) AppleWebKit/537.36 (KHTML, like Gecko) Chrome/95.0.4638.69 Safari/537.36',
  'content-type' => 'multipart/form-data; boundary=----WebKitFormBoundarynYVrWTBelUxGbmvg',
  'origin' => 'http://tp5',
  'upgrade-insecure-requests' => '1',
  'cache-control' => 'max-age=0',
  'content-length' => '1294',
  'connection' => 'close',
  'host' => 'tp5',
)
[ info ] [ PARAM ] array (
  'name' => '欧俊宇',
  'sex' => '1',
  'age' => '222',
  'tel' => '12345678910',
  'email' => '1019489772@qq.com',
  'family_adress' => '桂林',
  'id_' => '4504221999787874552',
  'major' => '物流管理',
  'old_img' => '',
  'id' => '1616040107',
)
[ info ] [ SESSION ] INIT array (
  'id' => '',
  'var_session_id' => '',
  'prefix' => 'index',
  'type' => '',
  'auto_start' => true,
  'path' => 'D:\\phpstudy_pro\\WWW\\myyds_tp5\\runtime\\temp\\',
  'expire' => 0,
)
[ info ] [ RUN ] app\index\controller\Admin->do_edit_user_admin[ D:\phpstudy_pro\WWW\myyds_tp5\application\Index\controller\Admin.php ]
[ info ] [ DB ] INIT mysql
[ info ] [ LOG ] INIT File
[ sql ] [ DB ] CONNECT:[ UseTime:0.011168s ] mysql:host=127.0.0.1;dbname=mall;charset=utf8
[ sql ] [ SQL ] SHOW COLUMNS FROM `user` [ RunTime:0.001095s ]
[ error ] [0]数据表字段不存在:[update_time][D:\phpstudy_pro\WWW\myyds_tp5\thinkphp\library\think\db\Builder.php:115]
---------------------------------------------------------------
[ 2022-01-20T00:05:26+08:00 ] 127.0.0.1 POST tp5/index.php/admin/do_edit_user_admin.html
[运行时间：0.041599s] [吞吐率：24.04req/s] [内存消耗：2,730.62kb] [文件加载：47]
[ info ] [ LANG ] D:\phpstudy_pro\WWW\myyds_tp5\thinkphp\lang\zh-cn.php
[ info ] [ BIND ] 'index'
[ info ] [ ROUTE ] array (
  'type' => 'module',
  'module' => 
  array (
    0 => 'index',
    1 => 'admin',
    2 => 'do_edit_user_admin',
  ),
)
[ info ] [ HEADER ] array (
  'cookie' => 'PHPSESSID=qd2cp1btl3c23ffd3mnrfn98tn',
  'accept-language' => 'zh-CN,zh;q=0.9',
  'accept-encoding' => 'gzip, deflate',
  'referer' => 'http://tp5/index.php/admin/edit_user_admin/id/1616040107.html',
  'accept' => 'text/html,application/xhtml+xml,application/xml;q=0.9,image/avif,image/webp,image/apng,*/*;q=0.8,application/signed-exchange;v=b3;q=0.9',
  'content-type' => 'multipart/form-data; boundary=----WebKitFormBoundarynYVrWTBelUxGbmvg',
  'origin' => 'http://tp5',
  'user-agent' => 'Mozilla/5.0 (Windows NT 10.0; Win64; x64) AppleWebKit/537.36 (KHTML, like Gecko) Chrome/95.0.4638.69 Safari/537.36',
  'upgrade-insecure-requests' => '1',
  'cache-control' => 'max-age=0',
  'content-length' => '1294',
  'connection' => 'close',
  'host' => 'tp5',
)
[ info ] [ PARAM ] array (
  'name' => '欧俊宇',
  'sex' => '1',
  'age' => '222',
  'tel' => '12345678910',
  'email' => '1019489772@qq.com',
  'family_adress' => '桂林',
  'id_' => '4504221999787874552',
  'major' => '物流管理',
  'old_img' => '',
  'id' => '1616040107',
)
[ info ] [ SESSION ] INIT array (
  'id' => '',
  'var_session_id' => '',
  'prefix' => 'index',
  'type' => '',
  'auto_start' => true,
  'path' => 'D:\\phpstudy_pro\\WWW\\myyds_tp5\\runtime\\temp\\',
  'expire' => 0,
)
[ info ] [ RUN ] app\index\controller\Admin->do_edit_user_admin[ D:\phpstudy_pro\WWW\myyds_tp5\application\Index\controller\Admin.php ]
[ info ] [ DB ] INIT mysql
[ info ] [ LOG ] INIT File
[ sql ] [ DB ] CONNECT:[ UseTime:0.001090s ] mysql:host=127.0.0.1;dbname=mall;charset=utf8
[ sql ] [ SQL ] SHOW COLUMNS FROM `user` [ RunTime:0.001142s ]
[ error ] [0]数据表字段不存在:[update_time][D:\phpstudy_pro\WWW\myyds_tp5\thinkphp\library\think\db\Builder.php:115]
---------------------------------------------------------------
[ 2022-01-20T00:05:54+08:00 ] 127.0.0.1 GET tp5/index.php/admin/edit_user_admin/id/1616040107.html
[运行时间：0.043791s] [吞吐率：22.84req/s] [内存消耗：2,750.20kb] [文件加载：46]
[ info ] [ LANG ] D:\phpstudy_pro\WWW\myyds_tp5\thinkphp\lang\zh-cn.php
[ info ] [ BIND ] 'index'
[ info ] [ ROUTE ] array (
  'type' => 'module',
  'module' => 
  array (
    0 => 'index',
    1 => 'admin',
    2 => 'edit_user_admin',
  ),
)
[ info ] [ HEADER ] array (
  'cookie' => 'PHPSESSID=qd2cp1btl3c23ffd3mnrfn98tn',
  'accept-language' => 'zh-CN,zh;q=0.9',
  'accept-encoding' => 'gzip, deflate',
  'referer' => 'http://tp5/index.php/admin/show_admin.html',
  'accept' => 'text/html,application/xhtml+xml,application/xml;q=0.9,image/avif,image/webp,image/apng,*/*;q=0.8,application/signed-exchange;v=b3;q=0.9',
  'user-agent' => 'Mozilla/5.0 (Windows NT 10.0; Win64; x64) AppleWebKit/537.36 (KHTML, like Gecko) Chrome/95.0.4638.69 Safari/537.36',
  'upgrade-insecure-requests' => '1',
  'connection' => 'close',
  'host' => 'tp5',
)
[ info ] [ PARAM ] array (
  'id' => '1616040107',
)
[ info ] [ SESSION ] INIT array (
  'id' => '',
  'var_session_id' => '',
  'prefix' => 'index',
  'type' => '',
  'auto_start' => true,
  'path' => 'D:\\phpstudy_pro\\WWW\\myyds_tp5\\runtime\\temp\\',
  'expire' => 0,
)
[ info ] [ RUN ] app\index\controller\Admin->edit_user_admin[ D:\phpstudy_pro\WWW\myyds_tp5\application\Index\controller\Admin.php ]
[ info ] [ DB ] INIT mysql
[ info ] [ VIEW ] D:\phpstudy_pro\WWW\myyds_tp5\public/../application/index\view\admin\updateuser_admin.html [ array (
  0 => 'info',
  1 => 'info1',
) ]
[ info ] [ LOG ] INIT File
[ sql ] [ DB ] CONNECT:[ UseTime:0.002382s ] mysql:host=127.0.0.1;dbname=mall;charset=utf8
[ sql ] [ SQL ] SHOW COLUMNS FROM `teacher` [ RunTime:0.001115s ]
[ sql ] [ SQL ] SELECT * FROM `teacher` [ RunTime:0.000476s ]
[ sql ] [ SQL ] SHOW COLUMNS FROM `user` [ RunTime:0.001453s ]
[ sql ] [ SQL ] SELECT * FROM `user` WHERE  `id` = 1616040107 LIMIT 1 [ RunTime:0.000609s ]
---------------------------------------------------------------
[ 2022-01-20T00:05:55+08:00 ] 127.0.0.1 GET tp5/index.php/admin/edit_user_admin/id/1616040107.html
[运行时间：0.039902s] [吞吐率：25.06req/s] [内存消耗：2,750.66kb] [文件加载：46]
[ info ] [ LANG ] D:\phpstudy_pro\WWW\myyds_tp5\thinkphp\lang\zh-cn.php
[ info ] [ BIND ] 'index'
[ info ] [ ROUTE ] array (
  'type' => 'module',
  'module' => 
  array (
    0 => 'index',
    1 => 'admin',
    2 => 'edit_user_admin',
  ),
)
[ info ] [ HEADER ] array (
  'cookie' => 'PHPSESSID=qd2cp1btl3c23ffd3mnrfn98tn',
  'accept-language' => 'zh-CN,zh;q=0.9',
  'accept-encoding' => 'gzip, deflate',
  'referer' => 'http://tp5/index.php/admin/show_admin.html',
  'accept' => 'text/html,application/xhtml+xml,application/xml;q=0.9,image/avif,image/webp,image/apng,*/*;q=0.8,application/signed-exchange;v=b3;q=0.9',
  'user-agent' => 'Mozilla/5.0 (Windows NT 10.0; Win64; x64) AppleWebKit/537.36 (KHTML, like Gecko) Chrome/95.0.4638.69 Safari/537.36',
  'upgrade-insecure-requests' => '1',
  'cache-control' => 'max-age=0',
  'connection' => 'close',
  'host' => 'tp5',
)
[ info ] [ PARAM ] array (
  'id' => '1616040107',
)
[ info ] [ SESSION ] INIT array (
  'id' => '',
  'var_session_id' => '',
  'prefix' => 'index',
  'type' => '',
  'auto_start' => true,
  'path' => 'D:\\phpstudy_pro\\WWW\\myyds_tp5\\runtime\\temp\\',
  'expire' => 0,
)
[ info ] [ RUN ] app\index\controller\Admin->edit_user_admin[ D:\phpstudy_pro\WWW\myyds_tp5\application\Index\controller\Admin.php ]
[ info ] [ DB ] INIT mysql
[ info ] [ VIEW ] D:\phpstudy_pro\WWW\myyds_tp5\public/../application/index\view\admin\updateuser_admin.html [ array (
  0 => 'info',
  1 => 'info1',
) ]
[ info ] [ LOG ] INIT File
[ sql ] [ DB ] CONNECT:[ UseTime:0.001554s ] mysql:host=127.0.0.1;dbname=mall;charset=utf8
[ sql ] [ SQL ] SHOW COLUMNS FROM `teacher` [ RunTime:0.001494s ]
[ sql ] [ SQL ] SELECT * FROM `teacher` [ RunTime:0.000499s ]
[ sql ] [ SQL ] SHOW COLUMNS FROM `user` [ RunTime:0.001516s ]
[ sql ] [ SQL ] SELECT * FROM `user` WHERE  `id` = 1616040107 LIMIT 1 [ RunTime:0.000586s ]
---------------------------------------------------------------
[ 2022-01-20T00:05:55+08:00 ] 127.0.0.1 GET tp5/index.php/admin/edit_user_admin/id/1616040107.html
[运行时间：0.045015s] [吞吐率：22.21req/s] [内存消耗：2,750.66kb] [文件加载：46]
[ info ] [ LANG ] D:\phpstudy_pro\WWW\myyds_tp5\thinkphp\lang\zh-cn.php
[ info ] [ BIND ] 'index'
[ info ] [ ROUTE ] array (
  'type' => 'module',
  'module' => 
  array (
    0 => 'index',
    1 => 'admin',
    2 => 'edit_user_admin',
  ),
)
[ info ] [ HEADER ] array (
  'cookie' => 'PHPSESSID=qd2cp1btl3c23ffd3mnrfn98tn',
  'accept-language' => 'zh-CN,zh;q=0.9',
  'accept-encoding' => 'gzip, deflate',
  'referer' => 'http://tp5/index.php/admin/show_admin.html',
  'accept' => 'text/html,application/xhtml+xml,application/xml;q=0.9,image/avif,image/webp,image/apng,*/*;q=0.8,application/signed-exchange;v=b3;q=0.9',
  'user-agent' => 'Mozilla/5.0 (Windows NT 10.0; Win64; x64) AppleWebKit/537.36 (KHTML, like Gecko) Chrome/95.0.4638.69 Safari/537.36',
  'upgrade-insecure-requests' => '1',
  'cache-control' => 'max-age=0',
  'connection' => 'close',
  'host' => 'tp5',
)
[ info ] [ PARAM ] array (
  'id' => '1616040107',
)
[ info ] [ SESSION ] INIT array (
  'id' => '',
  'var_session_id' => '',
  'prefix' => 'index',
  'type' => '',
  'auto_start' => true,
  'path' => 'D:\\phpstudy_pro\\WWW\\myyds_tp5\\runtime\\temp\\',
  'expire' => 0,
)
[ info ] [ RUN ] app\index\controller\Admin->edit_user_admin[ D:\phpstudy_pro\WWW\myyds_tp5\application\Index\controller\Admin.php ]
[ info ] [ DB ] INIT mysql
[ info ] [ VIEW ] D:\phpstudy_pro\WWW\myyds_tp5\public/../application/index\view\admin\updateuser_admin.html [ array (
  0 => 'info',
  1 => 'info1',
) ]
[ info ] [ LOG ] INIT File
[ sql ] [ DB ] CONNECT:[ UseTime:0.010185s ] mysql:host=127.0.0.1;dbname=mall;charset=utf8
[ sql ] [ SQL ] SHOW COLUMNS FROM `teacher` [ RunTime:0.001010s ]
[ sql ] [ SQL ] SELECT * FROM `teacher` [ RunTime:0.000560s ]
[ sql ] [ SQL ] SHOW COLUMNS FROM `user` [ RunTime:0.001247s ]
[ sql ] [ SQL ] SELECT * FROM `user` WHERE  `id` = 1616040107 LIMIT 1 [ RunTime:0.000537s ]
---------------------------------------------------------------
[ 2022-01-20T00:05:55+08:00 ] 127.0.0.1 GET tp5/index.php/admin/edit_user_admin/id/1616040107.html
[运行时间：0.043153s] [吞吐率：23.17req/s] [内存消耗：2,750.66kb] [文件加载：46]
[ info ] [ LANG ] D:\phpstudy_pro\WWW\myyds_tp5\thinkphp\lang\zh-cn.php
[ info ] [ BIND ] 'index'
[ info ] [ ROUTE ] array (
  'type' => 'module',
  'module' => 
  array (
    0 => 'index',
    1 => 'admin',
    2 => 'edit_user_admin',
  ),
)
[ info ] [ HEADER ] array (
  'cookie' => 'PHPSESSID=qd2cp1btl3c23ffd3mnrfn98tn',
  'accept-language' => 'zh-CN,zh;q=0.9',
  'accept-encoding' => 'gzip, deflate',
  'referer' => 'http://tp5/index.php/admin/show_admin.html',
  'accept' => 'text/html,application/xhtml+xml,application/xml;q=0.9,image/avif,image/webp,image/apng,*/*;q=0.8,application/signed-exchange;v=b3;q=0.9',
  'user-agent' => 'Mozilla/5.0 (Windows NT 10.0; Win64; x64) AppleWebKit/537.36 (KHTML, like Gecko) Chrome/95.0.4638.69 Safari/537.36',
  'upgrade-insecure-requests' => '1',
  'cache-control' => 'max-age=0',
  'connection' => 'close',
  'host' => 'tp5',
)
[ info ] [ PARAM ] array (
  'id' => '1616040107',
)
[ info ] [ SESSION ] INIT array (
  'id' => '',
  'var_session_id' => '',
  'prefix' => 'index',
  'type' => '',
  'auto_start' => true,
  'path' => 'D:\\phpstudy_pro\\WWW\\myyds_tp5\\runtime\\temp\\',
  'expire' => 0,
)
[ info ] [ RUN ] app\index\controller\Admin->edit_user_admin[ D:\phpstudy_pro\WWW\myyds_tp5\application\Index\controller\Admin.php ]
[ info ] [ DB ] INIT mysql
[ info ] [ VIEW ] D:\phpstudy_pro\WWW\myyds_tp5\public/../application/index\view\admin\updateuser_admin.html [ array (
  0 => 'info',
  1 => 'info1',
) ]
[ info ] [ LOG ] INIT File
[ sql ] [ DB ] CONNECT:[ UseTime:0.010747s ] mysql:host=127.0.0.1;dbname=mall;charset=utf8
[ sql ] [ SQL ] SHOW COLUMNS FROM `teacher` [ RunTime:0.000936s ]
[ sql ] [ SQL ] SELECT * FROM `teacher` [ RunTime:0.000448s ]
[ sql ] [ SQL ] SHOW COLUMNS FROM `user` [ RunTime:0.001271s ]
[ sql ] [ SQL ] SELECT * FROM `user` WHERE  `id` = 1616040107 LIMIT 1 [ RunTime:0.000504s ]
---------------------------------------------------------------
[ 2022-01-20T00:05:55+08:00 ] 127.0.0.1 GET tp5/index.php/admin/edit_user_admin/id/1616040107.html
[运行时间：0.046609s] [吞吐率：21.46req/s] [内存消耗：2,750.66kb] [文件加载：46]
[ info ] [ LANG ] D:\phpstudy_pro\WWW\myyds_tp5\thinkphp\lang\zh-cn.php
[ info ] [ BIND ] 'index'
[ info ] [ ROUTE ] array (
  'type' => 'module',
  'module' => 
  array (
    0 => 'index',
    1 => 'admin',
    2 => 'edit_user_admin',
  ),
)
[ info ] [ HEADER ] array (
  'cookie' => 'PHPSESSID=qd2cp1btl3c23ffd3mnrfn98tn',
  'accept-language' => 'zh-CN,zh;q=0.9',
  'accept-encoding' => 'gzip, deflate',
  'referer' => 'http://tp5/index.php/admin/show_admin.html',
  'accept' => 'text/html,application/xhtml+xml,application/xml;q=0.9,image/avif,image/webp,image/apng,*/*;q=0.8,application/signed-exchange;v=b3;q=0.9',
  'user-agent' => 'Mozilla/5.0 (Windows NT 10.0; Win64; x64) AppleWebKit/537.36 (KHTML, like Gecko) Chrome/95.0.4638.69 Safari/537.36',
  'upgrade-insecure-requests' => '1',
  'cache-control' => 'max-age=0',
  'connection' => 'close',
  'host' => 'tp5',
)
[ info ] [ PARAM ] array (
  'id' => '1616040107',
)
[ info ] [ SESSION ] INIT array (
  'id' => '',
  'var_session_id' => '',
  'prefix' => 'index',
  'type' => '',
  'auto_start' => true,
  'path' => 'D:\\phpstudy_pro\\WWW\\myyds_tp5\\runtime\\temp\\',
  'expire' => 0,
)
[ info ] [ RUN ] app\index\controller\Admin->edit_user_admin[ D:\phpstudy_pro\WWW\myyds_tp5\application\Index\controller\Admin.php ]
[ info ] [ DB ] INIT mysql
[ info ] [ VIEW ] D:\phpstudy_pro\WWW\myyds_tp5\public/../application/index\view\admin\updateuser_admin.html [ array (
  0 => 'info',
  1 => 'info1',
) ]
[ info ] [ LOG ] INIT File
[ sql ] [ DB ] CONNECT:[ UseTime:0.010999s ] mysql:host=127.0.0.1;dbname=mall;charset=utf8
[ sql ] [ SQL ] SHOW COLUMNS FROM `teacher` [ RunTime:0.001736s ]
[ sql ] [ SQL ] SELECT * FROM `teacher` [ RunTime:0.000585s ]
[ sql ] [ SQL ] SHOW COLUMNS FROM `user` [ RunTime:0.001218s ]
[ sql ] [ SQL ] SELECT * FROM `user` WHERE  `id` = 1616040107 LIMIT 1 [ RunTime:0.000592s ]
---------------------------------------------------------------
[ 2022-01-20T00:05:55+08:00 ] 127.0.0.1 GET tp5/index.php/admin/edit_user_admin/id/1616040107.html
[运行时间：0.047087s] [吞吐率：21.24req/s] [内存消耗：2,750.66kb] [文件加载：46]
[ info ] [ LANG ] D:\phpstudy_pro\WWW\myyds_tp5\thinkphp\lang\zh-cn.php
[ info ] [ BIND ] 'index'
[ info ] [ ROUTE ] array (
  'type' => 'module',
  'module' => 
  array (
    0 => 'index',
    1 => 'admin',
    2 => 'edit_user_admin',
  ),
)
[ info ] [ HEADER ] array (
  'cookie' => 'PHPSESSID=qd2cp1btl3c23ffd3mnrfn98tn',
  'accept-language' => 'zh-CN,zh;q=0.9',
  'accept-encoding' => 'gzip, deflate',
  'referer' => 'http://tp5/index.php/admin/show_admin.html',
  'accept' => 'text/html,application/xhtml+xml,application/xml;q=0.9,image/avif,image/webp,image/apng,*/*;q=0.8,application/signed-exchange;v=b3;q=0.9',
  'user-agent' => 'Mozilla/5.0 (Windows NT 10.0; Win64; x64) AppleWebKit/537.36 (KHTML, like Gecko) Chrome/95.0.4638.69 Safari/537.36',
  'upgrade-insecure-requests' => '1',
  'cache-control' => 'max-age=0',
  'connection' => 'close',
  'host' => 'tp5',
)
[ info ] [ PARAM ] array (
  'id' => '1616040107',
)
[ info ] [ SESSION ] INIT array (
  'id' => '',
  'var_session_id' => '',
  'prefix' => 'index',
  'type' => '',
  'auto_start' => true,
  'path' => 'D:\\phpstudy_pro\\WWW\\myyds_tp5\\runtime\\temp\\',
  'expire' => 0,
)
[ info ] [ RUN ] app\index\controller\Admin->edit_user_admin[ D:\phpstudy_pro\WWW\myyds_tp5\application\Index\controller\Admin.php ]
[ info ] [ DB ] INIT mysql
[ info ] [ VIEW ] D:\phpstudy_pro\WWW\myyds_tp5\public/../application/index\view\admin\updateuser_admin.html [ array (
  0 => 'info',
  1 => 'info1',
) ]
[ info ] [ LOG ] INIT File
[ sql ] [ DB ] CONNECT:[ UseTime:0.010933s ] mysql:host=127.0.0.1;dbname=mall;charset=utf8
[ sql ] [ SQL ] SHOW COLUMNS FROM `teacher` [ RunTime:0.001024s ]
[ sql ] [ SQL ] SELECT * FROM `teacher` [ RunTime:0.000607s ]
[ sql ] [ SQL ] SHOW COLUMNS FROM `user` [ RunTime:0.001321s ]
[ sql ] [ SQL ] SELECT * FROM `user` WHERE  `id` = 1616040107 LIMIT 1 [ RunTime:0.000662s ]
---------------------------------------------------------------
[ 2022-01-20T00:05:58+08:00 ] 127.0.0.1 POST tp5/index.php/admin/do_edit_user_admin.html
[运行时间：0.057213s] [吞吐率：17.48req/s] [内存消耗：2,775.96kb] [文件加载：50]
[ info ] [ LANG ] D:\phpstudy_pro\WWW\myyds_tp5\thinkphp\lang\zh-cn.php
[ info ] [ BIND ] 'index'
[ info ] [ ROUTE ] array (
  'type' => 'module',
  'module' => 
  array (
    0 => 'index',
    1 => 'admin',
    2 => 'do_edit_user_admin',
  ),
)
[ info ] [ HEADER ] array (
  'cookie' => 'PHPSESSID=qd2cp1btl3c23ffd3mnrfn98tn',
  'accept-language' => 'zh-CN,zh;q=0.9',
  'accept-encoding' => 'gzip, deflate',
  'referer' => 'http://tp5/index.php/admin/edit_user_admin/id/1616040107.html',
  'accept' => 'text/html,application/xhtml+xml,application/xml;q=0.9,image/avif,image/webp,image/apng,*/*;q=0.8,application/signed-exchange;v=b3;q=0.9',
  'user-agent' => 'Mozilla/5.0 (Windows NT 10.0; Win64; x64) AppleWebKit/537.36 (KHTML, like Gecko) Chrome/95.0.4638.69 Safari/537.36',
  'content-type' => 'multipart/form-data; boundary=----WebKitFormBoundaryUsxYqPGyJgwRY9Om',
  'origin' => 'http://tp5',
  'upgrade-insecure-requests' => '1',
  'cache-control' => 'max-age=0',
  'content-length' => '1294',
  'connection' => 'close',
  'host' => 'tp5',
)
[ info ] [ PARAM ] array (
  'name' => '欧俊宇',
  'sex' => '1',
  'age' => '222',
  'tel' => '12345678910',
  'email' => '1019489772@qq.com',
  'family_adress' => '桂林',
  'id_' => '4504221999787874552',
  'major' => '物流管理',
  'old_img' => '',
  'id' => '1616040107',
)
[ info ] [ SESSION ] INIT array (
  'id' => '',
  'var_session_id' => '',
  'prefix' => 'index',
  'type' => '',
  'auto_start' => true,
  'path' => 'D:\\phpstudy_pro\\WWW\\myyds_tp5\\runtime\\temp\\',
  'expire' => 0,
)
[ info ] [ RUN ] app\index\controller\Admin->do_edit_user_admin[ D:\phpstudy_pro\WWW\myyds_tp5\application\Index\controller\Admin.php ]
[ info ] [ DB ] INIT mysql
[ info ] [ CACHE ] INIT File
[ info ] [ VIEW ] D:\phpstudy_pro\WWW\myyds_tp5\thinkphp\tpl\dispatch_jump.tpl [ array (
  0 => 'code',
  1 => 'msg',
  2 => 'data',
  3 => 'url',
  4 => 'wait',
) ]
[ info ] [ LOG ] INIT File
[ sql ] [ DB ] CONNECT:[ UseTime:0.010791s ] mysql:host=127.0.0.1;dbname=mall;charset=utf8
[ sql ] [ SQL ] SHOW COLUMNS FROM `user` [ RunTime:0.001387s ]
[ sql ] [ SQL ] UPDATE `user`  SET `name`='欧俊宇',`sex`='1',`age`=222,`tel`='12345678910',`email`='1019489772@qq.com',`family_adress`='桂林',`id_`='4504221999787874552',`major`='物流管理',`img`='',`update_time`=1642608358  WHERE  `id` = 1616040107 [ RunTime:0.000763s ]
---------------------------------------------------------------
[ 2022-01-20T00:06:01+08:00 ] 127.0.0.1 GET tp5/index.php/admin/show_admin.html
[运行时间：0.058930s] [吞吐率：16.97req/s] [内存消耗：2,929.59kb] [文件加载：54]
[ info ] [ LANG ] D:\phpstudy_pro\WWW\myyds_tp5\thinkphp\lang\zh-cn.php
[ info ] [ BIND ] 'index'
[ info ] [ ROUTE ] array (
  'type' => 'module',
  'module' => 
  array (
    0 => 'index',
    1 => 'admin',
    2 => 'show_admin',
  ),
)
[ info ] [ HEADER ] array (
  'cookie' => 'PHPSESSID=qd2cp1btl3c23ffd3mnrfn98tn',
  'accept-language' => 'zh-CN,zh;q=0.9',
  'accept-encoding' => 'gzip, deflate',
  'referer' => 'http://tp5/index.php/admin/do_edit_user_admin.html',
  'accept' => 'text/html,application/xhtml+xml,application/xml;q=0.9,image/avif,image/webp,image/apng,*/*;q=0.8,application/signed-exchange;v=b3;q=0.9',
  'user-agent' => 'Mozilla/5.0 (Windows NT 10.0; Win64; x64) AppleWebKit/537.36 (KHTML, like Gecko) Chrome/95.0.4638.69 Safari/537.36',
  'upgrade-insecure-requests' => '1',
  'connection' => 'close',
  'host' => 'tp5',
)
[ info ] [ PARAM ] array (
)
[ info ] [ SESSION ] INIT array (
  'id' => '',
  'var_session_id' => '',
  'prefix' => 'index',
  'type' => '',
  'auto_start' => true,
  'path' => 'D:\\phpstudy_pro\\WWW\\myyds_tp5\\runtime\\temp\\',
  'expire' => 0,
)
[ info ] [ RUN ] app\index\controller\Admin->show_admin[ D:\phpstudy_pro\WWW\myyds_tp5\application\Index\controller\Admin.php ]
[ info ] [ DB ] INIT mysql
[ info ] [ VIEW ] D:\phpstudy_pro\WWW\myyds_tp5\public/../application/index\view\admin\show_admin.html [ array (
  0 => 'data_list',
  1 => 'page',
  2 => 'data_list1',
  3 => 'page1',
  4 => 'data_list3',
  5 => 'page3',
  6 => 'countuser',
  7 => 'countteacher',
) ]
[ info ] [ LOG ] INIT File
[ sql ] [ DB ] CONNECT:[ UseTime:0.001194s ] mysql:host=127.0.0.1;dbname=mall;charset=utf8
[ sql ] [ SQL ] SHOW COLUMNS FROM `user` [ RunTime:0.001389s ]
[ sql ] [ SQL ] SELECT COUNT(*) AS tp_count FROM `user` LIMIT 1 [ RunTime:0.000415s ]
[ sql ] [ SQL ] SELECT * FROM `user` ORDER BY `id` LIMIT 0,8 [ RunTime:0.000575s ]
[ sql ] [ SQL ] SHOW COLUMNS FROM `teacher` [ RunTime:0.001060s ]
[ sql ] [ SQL ] SELECT COUNT(*) AS tp_count FROM `teacher` LIMIT 1 [ RunTime:0.000474s ]
[ sql ] [ SQL ] SELECT * FROM `teacher` ORDER BY `id` LIMIT 0,8 [ RunTime:0.000488s ]
[ sql ] [ SQL ] SHOW COLUMNS FROM `admin` [ RunTime:0.000801s ]
[ sql ] [ SQL ] SELECT COUNT(*) AS tp_count FROM `admin` LIMIT 1 [ RunTime:0.000447s ]
[ sql ] [ SQL ] SELECT * FROM `admin` ORDER BY `id` LIMIT 0,10 [ RunTime:0.000441s ]
[ sql ] [ SQL ] SELECT COUNT(*) AS tp_count FROM `user` LIMIT 1 [ RunTime:0.000548s ]
[ sql ] [ SQL ] SELECT COUNT(*) AS tp_count FROM `teacher` LIMIT 1 [ RunTime:0.000419s ]
[ error ] [8]未定义变量: info[D:\phpstudy_pro\WWW\myyds_tp5\runtime\temp\cf2a5bfc1b778c26e1d6fc51b59a644d.php:180]
[ error ] [8]未定义变量: info[D:\phpstudy_pro\WWW\myyds_tp5\runtime\temp\cf2a5bfc1b778c26e1d6fc51b59a644d.php:181]
[ error ] [8]未定义变量: data[D:\phpstudy_pro\WWW\myyds_tp5\runtime\temp\cf2a5bfc1b778c26e1d6fc51b59a644d.php:204]
[ error ] [8]未定义变量: data[D:\phpstudy_pro\WWW\myyds_tp5\runtime\temp\cf2a5bfc1b778c26e1d6fc51b59a644d.php:204]
---------------------------------------------------------------
[ 2022-01-20T00:06:31+08:00 ] 127.0.0.1 POST tp5/index.php/admin/do_add_user.html
[运行时间：0.043619s] [吞吐率：22.93req/s] [内存消耗：2,707.52kb] [文件加载：47]
[ info ] [ LANG ] D:\phpstudy_pro\WWW\myyds_tp5\thinkphp\lang\zh-cn.php
[ info ] [ BIND ] 'index'
[ info ] [ ROUTE ] array (
  'type' => 'module',
  'module' => 
  array (
    0 => 'index',
    1 => 'admin',
    2 => 'do_add_user',
  ),
)
[ info ] [ HEADER ] array (
  'cookie' => 'PHPSESSID=qd2cp1btl3c23ffd3mnrfn98tn',
  'accept-language' => 'zh-CN,zh;q=0.9',
  'accept-encoding' => 'gzip, deflate',
  'referer' => 'http://tp5/index.php/admin/show_admin.html',
  'accept' => 'text/html,application/xhtml+xml,application/xml;q=0.9,image/avif,image/webp,image/apng,*/*;q=0.8,application/signed-exchange;v=b3;q=0.9',
  'user-agent' => 'Mozilla/5.0 (Windows NT 10.0; Win64; x64) AppleWebKit/537.36 (KHTML, like Gecko) Chrome/95.0.4638.69 Safari/537.36',
  'content-type' => 'application/x-www-form-urlencoded',
  'origin' => 'http://tp5',
  'upgrade-insecure-requests' => '1',
  'cache-control' => 'max-age=0',
  'content-length' => '46',
  'connection' => 'close',
  'host' => 'tp5',
)
[ info ] [ PARAM ] array (
  'id' => '1616055107',
  'name' => '',
  'sex' => '1',
  'age' => '',
  'tel' => '',
  'password' => '3',
)
[ info ] [ SESSION ] INIT array (
  'id' => '',
  'var_session_id' => '',
  'prefix' => 'index',
  'type' => '',
  'auto_start' => true,
  'path' => 'D:\\phpstudy_pro\\WWW\\myyds_tp5\\runtime\\temp\\',
  'expire' => 0,
)
[ info ] [ RUN ] app\index\controller\Admin->do_add_user[ D:\phpstudy_pro\WWW\myyds_tp5\application\Index\controller\Admin.php ]
[ info ] [ DB ] INIT mysql
[ info ] [ VIEW ] D:\phpstudy_pro\WWW\myyds_tp5\thinkphp\tpl\dispatch_jump.tpl [ array (
  0 => 'code',
  1 => 'msg',
  2 => 'data',
  3 => 'url',
  4 => 'wait',
) ]
[ info ] [ LOG ] INIT File
[ sql ] [ DB ] CONNECT:[ UseTime:0.001037s ] mysql:host=127.0.0.1;dbname=mall;charset=utf8
[ sql ] [ SQL ] SHOW COLUMNS FROM `user` [ RunTime:0.001134s ]
[ sql ] [ SQL ] INSERT INTO `user` (`id` , `name` , `sex` , `age` , `tel` , `password` , `create_time`) VALUES (1616055107 , '' , '1' , 0 , '' , 'eccbc87e4b5ce2fe28308fd9f2a7baf3' , 1642608391) [ RunTime:0.000521s ]
---------------------------------------------------------------
[ 2022-01-20T00:06:32+08:00 ] 127.0.0.1 GET tp5/index.php/admin/show_admin.html
[运行时间：0.045951s] [吞吐率：21.76req/s] [内存消耗：2,929.43kb] [文件加载：54]
[ info ] [ LANG ] D:\phpstudy_pro\WWW\myyds_tp5\thinkphp\lang\zh-cn.php
[ info ] [ BIND ] 'index'
[ info ] [ ROUTE ] array (
  'type' => 'module',
  'module' => 
  array (
    0 => 'index',
    1 => 'admin',
    2 => 'show_admin',
  ),
)
[ info ] [ HEADER ] array (
  'cookie' => 'PHPSESSID=qd2cp1btl3c23ffd3mnrfn98tn',
  'accept-language' => 'zh-CN,zh;q=0.9',
  'accept-encoding' => 'gzip, deflate',
  'referer' => 'http://tp5/index.php/admin/do_add_user.html',
  'accept' => 'text/html,application/xhtml+xml,application/xml;q=0.9,image/avif,image/webp,image/apng,*/*;q=0.8,application/signed-exchange;v=b3;q=0.9',
  'user-agent' => 'Mozilla/5.0 (Windows NT 10.0; Win64; x64) AppleWebKit/537.36 (KHTML, like Gecko) Chrome/95.0.4638.69 Safari/537.36',
  'upgrade-insecure-requests' => '1',
  'connection' => 'close',
  'host' => 'tp5',
)
[ info ] [ PARAM ] array (
)
[ info ] [ SESSION ] INIT array (
  'id' => '',
  'var_session_id' => '',
  'prefix' => 'index',
  'type' => '',
  'auto_start' => true,
  'path' => 'D:\\phpstudy_pro\\WWW\\myyds_tp5\\runtime\\temp\\',
  'expire' => 0,
)
[ info ] [ RUN ] app\index\controller\Admin->show_admin[ D:\phpstudy_pro\WWW\myyds_tp5\application\Index\controller\Admin.php ]
[ info ] [ DB ] INIT mysql
[ info ] [ VIEW ] D:\phpstudy_pro\WWW\myyds_tp5\public/../application/index\view\admin\show_admin.html [ array (
  0 => 'data_list',
  1 => 'page',
  2 => 'data_list1',
  3 => 'page1',
  4 => 'data_list3',
  5 => 'page3',
  6 => 'countuser',
  7 => 'countteacher',
) ]
[ info ] [ LOG ] INIT File
[ sql ] [ DB ] CONNECT:[ UseTime:0.000973s ] mysql:host=127.0.0.1;dbname=mall;charset=utf8
[ sql ] [ SQL ] SHOW COLUMNS FROM `user` [ RunTime:0.001544s ]
[ sql ] [ SQL ] SELECT COUNT(*) AS tp_count FROM `user` LIMIT 1 [ RunTime:0.000279s ]
[ sql ] [ SQL ] SELECT * FROM `user` ORDER BY `id` LIMIT 0,8 [ RunTime:0.000512s ]
[ sql ] [ SQL ] SHOW COLUMNS FROM `teacher` [ RunTime:0.000800s ]
[ sql ] [ SQL ] SELECT COUNT(*) AS tp_count FROM `teacher` LIMIT 1 [ RunTime:0.000362s ]
[ sql ] [ SQL ] SELECT * FROM `teacher` ORDER BY `id` LIMIT 0,8 [ RunTime:0.000404s ]
[ sql ] [ SQL ] SHOW COLUMNS FROM `admin` [ RunTime:0.000695s ]
[ sql ] [ SQL ] SELECT COUNT(*) AS tp_count FROM `admin` LIMIT 1 [ RunTime:0.000261s ]
[ sql ] [ SQL ] SELECT * FROM `admin` ORDER BY `id` LIMIT 0,10 [ RunTime:0.000323s ]
[ sql ] [ SQL ] SELECT COUNT(*) AS tp_count FROM `user` LIMIT 1 [ RunTime:0.000337s ]
[ sql ] [ SQL ] SELECT COUNT(*) AS tp_count FROM `teacher` LIMIT 1 [ RunTime:0.000282s ]
[ error ] [8]未定义变量: info[D:\phpstudy_pro\WWW\myyds_tp5\runtime\temp\cf2a5bfc1b778c26e1d6fc51b59a644d.php:180]
[ error ] [8]未定义变量: info[D:\phpstudy_pro\WWW\myyds_tp5\runtime\temp\cf2a5bfc1b778c26e1d6fc51b59a644d.php:181]
[ error ] [8]未定义变量: data[D:\phpstudy_pro\WWW\myyds_tp5\runtime\temp\cf2a5bfc1b778c26e1d6fc51b59a644d.php:204]
[ error ] [8]未定义变量: data[D:\phpstudy_pro\WWW\myyds_tp5\runtime\temp\cf2a5bfc1b778c26e1d6fc51b59a644d.php:204]
---------------------------------------------------------------
[ 2022-01-20T00:06:48+08:00 ] 127.0.0.1 GET tp5/index.php/admin/show_admin.html?page=2
[运行时间：0.056224s] [吞吐率：17.79req/s] [内存消耗：2,914.60kb] [文件加载：54]
[ info ] [ LANG ] D:\phpstudy_pro\WWW\myyds_tp5\thinkphp\lang\zh-cn.php
[ info ] [ BIND ] 'index'
[ info ] [ ROUTE ] array (
  'type' => 'module',
  'module' => 
  array (
    0 => 'index',
    1 => 'admin',
    2 => 'show_admin',
  ),
)
[ info ] [ HEADER ] array (
  'cookie' => 'PHPSESSID=qd2cp1btl3c23ffd3mnrfn98tn',
  'accept-language' => 'zh-CN,zh;q=0.9',
  'accept-encoding' => 'gzip, deflate',
  'referer' => 'http://tp5/index.php/admin/show_admin.html',
  'accept' => 'text/html,application/xhtml+xml,application/xml;q=0.9,image/avif,image/webp,image/apng,*/*;q=0.8,application/signed-exchange;v=b3;q=0.9',
  'user-agent' => 'Mozilla/5.0 (Windows NT 10.0; Win64; x64) AppleWebKit/537.36 (KHTML, like Gecko) Chrome/95.0.4638.69 Safari/537.36',
  'upgrade-insecure-requests' => '1',
  'connection' => 'close',
  'host' => 'tp5',
)
[ info ] [ PARAM ] array (
  'page' => '2',
)
[ info ] [ SESSION ] INIT array (
  'id' => '',
  'var_session_id' => '',
  'prefix' => 'index',
  'type' => '',
  'auto_start' => true,
  'path' => 'D:\\phpstudy_pro\\WWW\\myyds_tp5\\runtime\\temp\\',
  'expire' => 0,
)
[ info ] [ RUN ] app\index\controller\Admin->show_admin[ D:\phpstudy_pro\WWW\myyds_tp5\application\Index\controller\Admin.php ]
[ info ] [ DB ] INIT mysql
[ info ] [ VIEW ] D:\phpstudy_pro\WWW\myyds_tp5\public/../application/index\view\admin\show_admin.html [ array (
  0 => 'data_list',
  1 => 'page',
  2 => 'data_list1',
  3 => 'page1',
  4 => 'data_list3',
  5 => 'page3',
  6 => 'countuser',
  7 => 'countteacher',
) ]
[ info ] [ LOG ] INIT File
[ sql ] [ DB ] CONNECT:[ UseTime:0.001228s ] mysql:host=127.0.0.1;dbname=mall;charset=utf8
[ sql ] [ SQL ] SHOW COLUMNS FROM `user` [ RunTime:0.000941s ]
[ sql ] [ SQL ] SELECT COUNT(*) AS tp_count FROM `user` LIMIT 1 [ RunTime:0.000448s ]
[ sql ] [ SQL ] SELECT * FROM `user` ORDER BY `id` LIMIT 8,8 [ RunTime:0.000647s ]
[ sql ] [ SQL ] SHOW COLUMNS FROM `teacher` [ RunTime:0.001024s ]
[ sql ] [ SQL ] SELECT COUNT(*) AS tp_count FROM `teacher` LIMIT 1 [ RunTime:0.000374s ]
[ sql ] [ SQL ] SELECT * FROM `teacher` ORDER BY `id` LIMIT 8,8 [ RunTime:0.000540s ]
[ sql ] [ SQL ] SHOW COLUMNS FROM `admin` [ RunTime:0.000865s ]
[ sql ] [ SQL ] SELECT COUNT(*) AS tp_count FROM `admin` LIMIT 1 [ RunTime:0.000472s ]
[ sql ] [ SQL ] SELECT * FROM `admin` ORDER BY `id` LIMIT 10,10 [ RunTime:0.000507s ]
[ sql ] [ SQL ] SELECT COUNT(*) AS tp_count FROM `user` LIMIT 1 [ RunTime:0.000472s ]
[ sql ] [ SQL ] SELECT COUNT(*) AS tp_count FROM `teacher` LIMIT 1 [ RunTime:0.000447s ]
[ error ] [8]未定义变量: info[D:\phpstudy_pro\WWW\myyds_tp5\runtime\temp\cf2a5bfc1b778c26e1d6fc51b59a644d.php:180]
[ error ] [8]未定义变量: info[D:\phpstudy_pro\WWW\myyds_tp5\runtime\temp\cf2a5bfc1b778c26e1d6fc51b59a644d.php:181]
[ error ] [8]未定义变量: data[D:\phpstudy_pro\WWW\myyds_tp5\runtime\temp\cf2a5bfc1b778c26e1d6fc51b59a644d.php:204]
[ error ] [8]未定义变量: data[D:\phpstudy_pro\WWW\myyds_tp5\runtime\temp\cf2a5bfc1b778c26e1d6fc51b59a644d.php:204]
---------------------------------------------------------------
[ 2022-01-20T00:06:50+08:00 ] 127.0.0.1 GET tp5/index.php/admin/show_admin.html?page=1
[运行时间：0.053416s] [吞吐率：18.72req/s] [内存消耗：2,929.84kb] [文件加载：54]
[ info ] [ LANG ] D:\phpstudy_pro\WWW\myyds_tp5\thinkphp\lang\zh-cn.php
[ info ] [ BIND ] 'index'
[ info ] [ ROUTE ] array (
  'type' => 'module',
  'module' => 
  array (
    0 => 'index',
    1 => 'admin',
    2 => 'show_admin',
  ),
)
[ info ] [ HEADER ] array (
  'cookie' => 'PHPSESSID=qd2cp1btl3c23ffd3mnrfn98tn',
  'accept-language' => 'zh-CN,zh;q=0.9',
  'accept-encoding' => 'gzip, deflate',
  'referer' => 'http://tp5/index.php/admin/show_admin.html?page=2',
  'accept' => 'text/html,application/xhtml+xml,application/xml;q=0.9,image/avif,image/webp,image/apng,*/*;q=0.8,application/signed-exchange;v=b3;q=0.9',
  'user-agent' => 'Mozilla/5.0 (Windows NT 10.0; Win64; x64) AppleWebKit/537.36 (KHTML, like Gecko) Chrome/95.0.4638.69 Safari/537.36',
  'upgrade-insecure-requests' => '1',
  'connection' => 'close',
  'host' => 'tp5',
)
[ info ] [ PARAM ] array (
  'page' => '1',
)
[ info ] [ SESSION ] INIT array (
  'id' => '',
  'var_session_id' => '',
  'prefix' => 'index',
  'type' => '',
  'auto_start' => true,
  'path' => 'D:\\phpstudy_pro\\WWW\\myyds_tp5\\runtime\\temp\\',
  'expire' => 0,
)
[ info ] [ RUN ] app\index\controller\Admin->show_admin[ D:\phpstudy_pro\WWW\myyds_tp5\application\Index\controller\Admin.php ]
[ info ] [ DB ] INIT mysql
[ info ] [ VIEW ] D:\phpstudy_pro\WWW\myyds_tp5\public/../application/index\view\admin\show_admin.html [ array (
  0 => 'data_list',
  1 => 'page',
  2 => 'data_list1',
  3 => 'page1',
  4 => 'data_list3',
  5 => 'page3',
  6 => 'countuser',
  7 => 'countteacher',
) ]
[ info ] [ LOG ] INIT File
[ sql ] [ DB ] CONNECT:[ UseTime:0.001317s ] mysql:host=127.0.0.1;dbname=mall;charset=utf8
[ sql ] [ SQL ] SHOW COLUMNS FROM `user` [ RunTime:0.001112s ]
[ sql ] [ SQL ] SELECT COUNT(*) AS tp_count FROM `user` LIMIT 1 [ RunTime:0.000399s ]
[ sql ] [ SQL ] SELECT * FROM `user` ORDER BY `id` LIMIT 0,8 [ RunTime:0.000591s ]
[ sql ] [ SQL ] SHOW COLUMNS FROM `teacher` [ RunTime:0.001871s ]
[ sql ] [ SQL ] SELECT COUNT(*) AS tp_count FROM `teacher` LIMIT 1 [ RunTime:0.000675s ]
[ sql ] [ SQL ] SELECT * FROM `teacher` ORDER BY `id` LIMIT 0,8 [ RunTime:0.000455s ]
[ sql ] [ SQL ] SHOW COLUMNS FROM `admin` [ RunTime:0.000845s ]
[ sql ] [ SQL ] SELECT COUNT(*) AS tp_count FROM `admin` LIMIT 1 [ RunTime:0.000423s ]
[ sql ] [ SQL ] SELECT * FROM `admin` ORDER BY `id` LIMIT 0,10 [ RunTime:0.000409s ]
[ sql ] [ SQL ] SELECT COUNT(*) AS tp_count FROM `user` LIMIT 1 [ RunTime:0.000469s ]
[ sql ] [ SQL ] SELECT COUNT(*) AS tp_count FROM `teacher` LIMIT 1 [ RunTime:0.000535s ]
[ error ] [8]未定义变量: info[D:\phpstudy_pro\WWW\myyds_tp5\runtime\temp\cf2a5bfc1b778c26e1d6fc51b59a644d.php:180]
[ error ] [8]未定义变量: info[D:\phpstudy_pro\WWW\myyds_tp5\runtime\temp\cf2a5bfc1b778c26e1d6fc51b59a644d.php:181]
[ error ] [8]未定义变量: data[D:\phpstudy_pro\WWW\myyds_tp5\runtime\temp\cf2a5bfc1b778c26e1d6fc51b59a644d.php:204]
[ error ] [8]未定义变量: data[D:\phpstudy_pro\WWW\myyds_tp5\runtime\temp\cf2a5bfc1b778c26e1d6fc51b59a644d.php:204]
---------------------------------------------------------------
[ 2022-01-20T00:06:52+08:00 ] 127.0.0.1 GET tp5/index.php/admin/edit_user_admin/id/1616055107.html
[运行时间：0.057369s] [吞吐率：17.43req/s] [内存消耗：2,750.02kb] [文件加载：46]
[ info ] [ LANG ] D:\phpstudy_pro\WWW\myyds_tp5\thinkphp\lang\zh-cn.php
[ info ] [ BIND ] 'index'
[ info ] [ ROUTE ] array (
  'type' => 'module',
  'module' => 
  array (
    0 => 'index',
    1 => 'admin',
    2 => 'edit_user_admin',
  ),
)
[ info ] [ HEADER ] array (
  'cookie' => 'PHPSESSID=qd2cp1btl3c23ffd3mnrfn98tn',
  'accept-language' => 'zh-CN,zh;q=0.9',
  'accept-encoding' => 'gzip, deflate',
  'referer' => 'http://tp5/index.php/admin/show_admin.html?page=1',
  'accept' => 'text/html,application/xhtml+xml,application/xml;q=0.9,image/avif,image/webp,image/apng,*/*;q=0.8,application/signed-exchange;v=b3;q=0.9',
  'user-agent' => 'Mozilla/5.0 (Windows NT 10.0; Win64; x64) AppleWebKit/537.36 (KHTML, like Gecko) Chrome/95.0.4638.69 Safari/537.36',
  'upgrade-insecure-requests' => '1',
  'connection' => 'close',
  'host' => 'tp5',
)
[ info ] [ PARAM ] array (
  'id' => '1616055107',
)
[ info ] [ SESSION ] INIT array (
  'id' => '',
  'var_session_id' => '',
  'prefix' => 'index',
  'type' => '',
  'auto_start' => true,
  'path' => 'D:\\phpstudy_pro\\WWW\\myyds_tp5\\runtime\\temp\\',
  'expire' => 0,
)
[ info ] [ RUN ] app\index\controller\Admin->edit_user_admin[ D:\phpstudy_pro\WWW\myyds_tp5\application\Index\controller\Admin.php ]
[ info ] [ DB ] INIT mysql
[ info ] [ VIEW ] D:\phpstudy_pro\WWW\myyds_tp5\public/../application/index\view\admin\updateuser_admin.html [ array (
  0 => 'info',
  1 => 'info1',
) ]
[ info ] [ LOG ] INIT File
[ sql ] [ DB ] CONNECT:[ UseTime:0.010864s ] mysql:host=127.0.0.1;dbname=mall;charset=utf8
[ sql ] [ SQL ] SHOW COLUMNS FROM `teacher` [ RunTime:0.001006s ]
[ sql ] [ SQL ] SELECT * FROM `teacher` [ RunTime:0.000524s ]
[ sql ] [ SQL ] SHOW COLUMNS FROM `user` [ RunTime:0.001014s ]
[ sql ] [ SQL ] SELECT * FROM `user` WHERE  `id` = 1616055107 LIMIT 1 [ RunTime:0.000533s ]
---------------------------------------------------------------
[ 2022-01-20T00:06:56+08:00 ] 127.0.0.1 POST tp5/index.php/admin/do_edit_user_admin.html
[运行时间：0.048166s] [吞吐率：20.76req/s] [内存消耗：2,775.62kb] [文件加载：50]
[ info ] [ LANG ] D:\phpstudy_pro\WWW\myyds_tp5\thinkphp\lang\zh-cn.php
[ info ] [ BIND ] 'index'
[ info ] [ ROUTE ] array (
  'type' => 'module',
  'module' => 
  array (
    0 => 'index',
    1 => 'admin',
    2 => 'do_edit_user_admin',
  ),
)
[ info ] [ HEADER ] array (
  'cookie' => 'PHPSESSID=qd2cp1btl3c23ffd3mnrfn98tn',
  'accept-language' => 'zh-CN,zh;q=0.9',
  'accept-encoding' => 'gzip, deflate',
  'referer' => 'http://tp5/index.php/admin/edit_user_admin/id/1616055107.html',
  'accept' => 'text/html,application/xhtml+xml,application/xml;q=0.9,image/avif,image/webp,image/apng,*/*;q=0.8,application/signed-exchange;v=b3;q=0.9',
  'user-agent' => 'Mozilla/5.0 (Windows NT 10.0; Win64; x64) AppleWebKit/537.36 (KHTML, like Gecko) Chrome/95.0.4638.69 Safari/537.36',
  'content-type' => 'multipart/form-data; boundary=----WebKitFormBoundaryLRgLLeJlyd8KYM4T',
  'origin' => 'http://tp5',
  'upgrade-insecure-requests' => '1',
  'cache-control' => 'max-age=0',
  'content-length' => '1219',
  'connection' => 'close',
  'host' => 'tp5',
)
[ info ] [ PARAM ] array (
  'name' => 'w',
  'sex' => '1',
  'age' => '0',
  'tel' => '',
  'email' => '',
  'family_adress' => '',
  'id_' => '',
  'major' => '',
  'old_img' => '',
  'id' => '1616055107',
)
[ info ] [ SESSION ] INIT array (
  'id' => '',
  'var_session_id' => '',
  'prefix' => 'index',
  'type' => '',
  'auto_start' => true,
  'path' => 'D:\\phpstudy_pro\\WWW\\myyds_tp5\\runtime\\temp\\',
  'expire' => 0,
)
[ info ] [ RUN ] app\index\controller\Admin->do_edit_user_admin[ D:\phpstudy_pro\WWW\myyds_tp5\application\Index\controller\Admin.php ]
[ info ] [ DB ] INIT mysql
[ info ] [ CACHE ] INIT File
[ info ] [ VIEW ] D:\phpstudy_pro\WWW\myyds_tp5\thinkphp\tpl\dispatch_jump.tpl [ array (
  0 => 'code',
  1 => 'msg',
  2 => 'data',
  3 => 'url',
  4 => 'wait',
) ]
[ info ] [ LOG ] INIT File
[ sql ] [ DB ] CONNECT:[ UseTime:0.001473s ] mysql:host=127.0.0.1;dbname=mall;charset=utf8
[ sql ] [ SQL ] SHOW COLUMNS FROM `user` [ RunTime:0.000972s ]
[ sql ] [ SQL ] UPDATE `user`  SET `name`='w',`sex`='1',`age`=0,`tel`='',`email`='',`family_adress`='',`id_`='',`major`='',`img`='',`update_time`=1642608416  WHERE  `id` = 1616055107 [ RunTime:0.000598s ]
---------------------------------------------------------------
[ 2022-01-20T00:06:57+08:00 ] 127.0.0.1 GET tp5/index.php/admin/show_admin.html
[运行时间：0.045231s] [吞吐率：22.11req/s] [内存消耗：2,929.59kb] [文件加载：54]
[ info ] [ LANG ] D:\phpstudy_pro\WWW\myyds_tp5\thinkphp\lang\zh-cn.php
[ info ] [ BIND ] 'index'
[ info ] [ ROUTE ] array (
  'type' => 'module',
  'module' => 
  array (
    0 => 'index',
    1 => 'admin',
    2 => 'show_admin',
  ),
)
[ info ] [ HEADER ] array (
  'cookie' => 'PHPSESSID=qd2cp1btl3c23ffd3mnrfn98tn',
  'accept-language' => 'zh-CN,zh;q=0.9',
  'accept-encoding' => 'gzip, deflate',
  'referer' => 'http://tp5/index.php/admin/do_edit_user_admin.html',
  'accept' => 'text/html,application/xhtml+xml,application/xml;q=0.9,image/avif,image/webp,image/apng,*/*;q=0.8,application/signed-exchange;v=b3;q=0.9',
  'user-agent' => 'Mozilla/5.0 (Windows NT 10.0; Win64; x64) AppleWebKit/537.36 (KHTML, like Gecko) Chrome/95.0.4638.69 Safari/537.36',
  'upgrade-insecure-requests' => '1',
  'connection' => 'close',
  'host' => 'tp5',
)
[ info ] [ PARAM ] array (
)
[ info ] [ SESSION ] INIT array (
  'id' => '',
  'var_session_id' => '',
  'prefix' => 'index',
  'type' => '',
  'auto_start' => true,
  'path' => 'D:\\phpstudy_pro\\WWW\\myyds_tp5\\runtime\\temp\\',
  'expire' => 0,
)
[ info ] [ RUN ] app\index\controller\Admin->show_admin[ D:\phpstudy_pro\WWW\myyds_tp5\application\Index\controller\Admin.php ]
[ info ] [ DB ] INIT mysql
[ info ] [ VIEW ] D:\phpstudy_pro\WWW\myyds_tp5\public/../application/index\view\admin\show_admin.html [ array (
  0 => 'data_list',
  1 => 'page',
  2 => 'data_list1',
  3 => 'page1',
  4 => 'data_list3',
  5 => 'page3',
  6 => 'countuser',
  7 => 'countteacher',
) ]
[ info ] [ LOG ] INIT File
[ sql ] [ DB ] CONNECT:[ UseTime:0.001209s ] mysql:host=127.0.0.1;dbname=mall;charset=utf8
[ sql ] [ SQL ] SHOW COLUMNS FROM `user` [ RunTime:0.000973s ]
[ sql ] [ SQL ] SELECT COUNT(*) AS tp_count FROM `user` LIMIT 1 [ RunTime:0.000494s ]
[ sql ] [ SQL ] SELECT * FROM `user` ORDER BY `id` LIMIT 0,8 [ RunTime:0.000436s ]
[ sql ] [ SQL ] SHOW COLUMNS FROM `teacher` [ RunTime:0.000863s ]
[ sql ] [ SQL ] SELECT COUNT(*) AS tp_count FROM `teacher` LIMIT 1 [ RunTime:0.000366s ]
[ sql ] [ SQL ] SELECT * FROM `teacher` ORDER BY `id` LIMIT 0,8 [ RunTime:0.000495s ]
[ sql ] [ SQL ] SHOW COLUMNS FROM `admin` [ RunTime:0.000656s ]
[ sql ] [ SQL ] SELECT COUNT(*) AS tp_count FROM `admin` LIMIT 1 [ RunTime:0.000327s ]
[ sql ] [ SQL ] SELECT * FROM `admin` ORDER BY `id` LIMIT 0,10 [ RunTime:0.000379s ]
[ sql ] [ SQL ] SELECT COUNT(*) AS tp_count FROM `user` LIMIT 1 [ RunTime:0.000391s ]
[ sql ] [ SQL ] SELECT COUNT(*) AS tp_count FROM `teacher` LIMIT 1 [ RunTime:0.000424s ]
[ error ] [8]未定义变量: info[D:\phpstudy_pro\WWW\myyds_tp5\runtime\temp\cf2a5bfc1b778c26e1d6fc51b59a644d.php:180]
[ error ] [8]未定义变量: info[D:\phpstudy_pro\WWW\myyds_tp5\runtime\temp\cf2a5bfc1b778c26e1d6fc51b59a644d.php:181]
[ error ] [8]未定义变量: data[D:\phpstudy_pro\WWW\myyds_tp5\runtime\temp\cf2a5bfc1b778c26e1d6fc51b59a644d.php:204]
[ error ] [8]未定义变量: data[D:\phpstudy_pro\WWW\myyds_tp5\runtime\temp\cf2a5bfc1b778c26e1d6fc51b59a644d.php:204]
---------------------------------------------------------------
[ 2022-01-20T00:17:42+08:00 ] 127.0.0.1 GET tp5/index.php/admin/show_admin.html
[运行时间：0.062788s] [吞吐率：15.93req/s] [内存消耗：2,929.23kb] [文件加载：54]
[ info ] [ LANG ] D:\phpstudy_pro\WWW\myyds_tp5\thinkphp\lang\zh-cn.php
[ info ] [ BIND ] 'index'
[ info ] [ ROUTE ] array (
  'type' => 'module',
  'module' => 
  array (
    0 => 'index',
    1 => 'admin',
    2 => 'show_admin',
  ),
)
[ info ] [ HEADER ] array (
  'cookie' => 'PHPSESSID=qd2cp1btl3c23ffd3mnrfn98tn',
  'accept-language' => 'zh-CN,zh;q=0.9',
  'accept-encoding' => 'gzip, deflate',
  'referer' => 'http://tp5/index.php/admin/do_edit_user_admin.html',
  'accept' => 'text/html,application/xhtml+xml,application/xml;q=0.9,image/avif,image/webp,image/apng,*/*;q=0.8,application/signed-exchange;v=b3;q=0.9',
  'user-agent' => 'Mozilla/5.0 (Windows NT 10.0; Win64; x64) AppleWebKit/537.36 (KHTML, like Gecko) Chrome/95.0.4638.69 Safari/537.36',
  'upgrade-insecure-requests' => '1',
  'cache-control' => 'max-age=0',
  'connection' => 'close',
  'host' => 'tp5',
)
[ info ] [ PARAM ] array (
)
[ info ] [ SESSION ] INIT array (
  'id' => '',
  'var_session_id' => '',
  'prefix' => 'index',
  'type' => '',
  'auto_start' => true,
  'path' => 'D:\\phpstudy_pro\\WWW\\myyds_tp5\\runtime\\temp\\',
  'expire' => 0,
)
[ info ] [ RUN ] app\index\controller\Admin->show_admin[ D:\phpstudy_pro\WWW\myyds_tp5\application\Index\controller\Admin.php ]
[ info ] [ DB ] INIT mysql
[ info ] [ VIEW ] D:\phpstudy_pro\WWW\myyds_tp5\public/../application/index\view\admin\show_admin.html [ array (
  0 => 'data_list',
  1 => 'page',
  2 => 'data_list1',
  3 => 'page1',
  4 => 'data_list3',
  5 => 'page3',
  6 => 'countuser',
  7 => 'countteacher',
) ]
[ info ] [ LOG ] INIT File
[ sql ] [ DB ] CONNECT:[ UseTime:0.010961s ] mysql:host=127.0.0.1;dbname=mall;charset=utf8
[ sql ] [ SQL ] SHOW COLUMNS FROM `user` [ RunTime:0.001291s ]
[ sql ] [ SQL ] SELECT COUNT(*) AS tp_count FROM `user` LIMIT 1 [ RunTime:0.000416s ]
[ sql ] [ SQL ] SELECT * FROM `user` ORDER BY `id` LIMIT 0,8 [ RunTime:0.000565s ]
[ sql ] [ SQL ] SHOW COLUMNS FROM `teacher` [ RunTime:0.000955s ]
[ sql ] [ SQL ] SELECT COUNT(*) AS tp_count FROM `teacher` LIMIT 1 [ RunTime:0.000303s ]
[ sql ] [ SQL ] SELECT * FROM `teacher` ORDER BY `id` LIMIT 0,8 [ RunTime:0.000503s ]
[ sql ] [ SQL ] SHOW COLUMNS FROM `admin` [ RunTime:0.000823s ]
[ sql ] [ SQL ] SELECT COUNT(*) AS tp_count FROM `admin` LIMIT 1 [ RunTime:0.000404s ]
[ sql ] [ SQL ] SELECT * FROM `admin` ORDER BY `id` LIMIT 0,10 [ RunTime:0.000428s ]
[ sql ] [ SQL ] SELECT COUNT(*) AS tp_count FROM `user` LIMIT 1 [ RunTime:0.000594s ]
[ sql ] [ SQL ] SELECT COUNT(*) AS tp_count FROM `teacher` LIMIT 1 [ RunTime:0.000487s ]
[ error ] [8]未定义变量: info[D:\phpstudy_pro\WWW\myyds_tp5\runtime\temp\cf2a5bfc1b778c26e1d6fc51b59a644d.php:180]
[ error ] [8]未定义变量: info[D:\phpstudy_pro\WWW\myyds_tp5\runtime\temp\cf2a5bfc1b778c26e1d6fc51b59a644d.php:181]
[ error ] [8]未定义变量: data[D:\phpstudy_pro\WWW\myyds_tp5\runtime\temp\cf2a5bfc1b778c26e1d6fc51b59a644d.php:204]
[ error ] [8]未定义变量: data[D:\phpstudy_pro\WWW\myyds_tp5\runtime\temp\cf2a5bfc1b778c26e1d6fc51b59a644d.php:204]
---------------------------------------------------------------
[ 2022-01-20T00:17:57+08:00 ] 127.0.0.1 GET tp5/index.php/admin/edit_user_admin/id/1616040107.html
[运行时间：0.048199s] [吞吐率：20.75req/s] [内存消耗：2,749.39kb] [文件加载：46]
[ info ] [ LANG ] D:\phpstudy_pro\WWW\myyds_tp5\thinkphp\lang\zh-cn.php
[ info ] [ BIND ] 'index'
[ info ] [ ROUTE ] array (
  'type' => 'module',
  'module' => 
  array (
    0 => 'index',
    1 => 'admin',
    2 => 'edit_user_admin',
  ),
)
[ info ] [ HEADER ] array (
  'cookie' => 'PHPSESSID=qd2cp1btl3c23ffd3mnrfn98tn',
  'accept-language' => 'zh-CN,zh;q=0.9',
  'accept-encoding' => 'gzip, deflate',
  'referer' => 'http://tp5/index.php/admin/show_admin.html',
  'accept' => 'text/html,application/xhtml+xml,application/xml;q=0.9,image/avif,image/webp,image/apng,*/*;q=0.8,application/signed-exchange;v=b3;q=0.9',
  'user-agent' => 'Mozilla/5.0 (Windows NT 10.0; Win64; x64) AppleWebKit/537.36 (KHTML, like Gecko) Chrome/95.0.4638.69 Safari/537.36',
  'upgrade-insecure-requests' => '1',
  'connection' => 'close',
  'host' => 'tp5',
)
[ info ] [ PARAM ] array (
  'id' => '1616040107',
)
[ info ] [ SESSION ] INIT array (
  'id' => '',
  'var_session_id' => '',
  'prefix' => 'index',
  'type' => '',
  'auto_start' => true,
  'path' => 'D:\\phpstudy_pro\\WWW\\myyds_tp5\\runtime\\temp\\',
  'expire' => 0,
)
[ info ] [ RUN ] app\index\controller\Admin->edit_user_admin[ D:\phpstudy_pro\WWW\myyds_tp5\application\Index\controller\Admin.php ]
[ info ] [ DB ] INIT mysql
[ info ] [ VIEW ] D:\phpstudy_pro\WWW\myyds_tp5\public/../application/index\view\admin\updateuser_admin.html [ array (
  0 => 'info',
  1 => 'info1',
) ]
[ info ] [ LOG ] INIT File
[ sql ] [ DB ] CONNECT:[ UseTime:0.001163s ] mysql:host=127.0.0.1;dbname=mall;charset=utf8
[ sql ] [ SQL ] SHOW COLUMNS FROM `teacher` [ RunTime:0.000866s ]
[ sql ] [ SQL ] SELECT * FROM `teacher` [ RunTime:0.000435s ]
[ sql ] [ SQL ] SHOW COLUMNS FROM `user` [ RunTime:0.001032s ]
[ sql ] [ SQL ] SELECT * FROM `user` WHERE  `id` = 1616040107 LIMIT 1 [ RunTime:0.000569s ]
---------------------------------------------------------------
[ 2022-01-20T00:18:00+08:00 ] 127.0.0.1 POST tp5/index.php/admin/do_edit_user_admin.html
[运行时间：0.037643s] [吞吐率：26.57req/s] [内存消耗：2,775.15kb] [文件加载：50]
[ info ] [ LANG ] D:\phpstudy_pro\WWW\myyds_tp5\thinkphp\lang\zh-cn.php
[ info ] [ BIND ] 'index'
[ info ] [ ROUTE ] array (
  'type' => 'module',
  'module' => 
  array (
    0 => 'index',
    1 => 'admin',
    2 => 'do_edit_user_admin',
  ),
)
[ info ] [ HEADER ] array (
  'cookie' => 'PHPSESSID=qd2cp1btl3c23ffd3mnrfn98tn',
  'accept-language' => 'zh-CN,zh;q=0.9',
  'accept-encoding' => 'gzip, deflate',
  'referer' => 'http://tp5/index.php/admin/edit_user_admin/id/1616040107.html',
  'accept' => 'text/html,application/xhtml+xml,application/xml;q=0.9,image/avif,image/webp,image/apng,*/*;q=0.8,application/signed-exchange;v=b3;q=0.9',
  'user-agent' => 'Mozilla/5.0 (Windows NT 10.0; Win64; x64) AppleWebKit/537.36 (KHTML, like Gecko) Chrome/95.0.4638.69 Safari/537.36',
  'content-type' => 'multipart/form-data; boundary=----WebKitFormBoundary6E51g257BN5fRCJE',
  'origin' => 'http://tp5',
  'upgrade-insecure-requests' => '1',
  'cache-control' => 'max-age=0',
  'content-length' => '1293',
  'connection' => 'close',
  'host' => 'tp5',
)
[ info ] [ PARAM ] array (
  'name' => '欧俊宇',
  'sex' => '1',
  'age' => '99',
  'tel' => '12345678910',
  'email' => '1019489772@qq.com',
  'family_adress' => '桂林',
  'id_' => '4504221999787874552',
  'major' => '物流管理',
  'old_img' => '',
  'id' => '1616040107',
)
[ info ] [ SESSION ] INIT array (
  'id' => '',
  'var_session_id' => '',
  'prefix' => 'index',
  'type' => '',
  'auto_start' => true,
  'path' => 'D:\\phpstudy_pro\\WWW\\myyds_tp5\\runtime\\temp\\',
  'expire' => 0,
)
[ info ] [ RUN ] app\index\controller\Admin->do_edit_user_admin[ D:\phpstudy_pro\WWW\myyds_tp5\application\Index\controller\Admin.php ]
[ info ] [ DB ] INIT mysql
[ info ] [ CACHE ] INIT File
[ info ] [ VIEW ] D:\phpstudy_pro\WWW\myyds_tp5\thinkphp\tpl\dispatch_jump.tpl [ array (
  0 => 'code',
  1 => 'msg',
  2 => 'data',
  3 => 'url',
  4 => 'wait',
) ]
[ info ] [ LOG ] INIT File
[ sql ] [ DB ] CONNECT:[ UseTime:0.001621s ] mysql:host=127.0.0.1;dbname=mall;charset=utf8
[ sql ] [ SQL ] SHOW COLUMNS FROM `user` [ RunTime:0.000938s ]
[ sql ] [ SQL ] UPDATE `user`  SET `name`='欧俊宇',`sex`='1',`age`=99,`tel`='12345678910',`email`='1019489772@qq.com',`family_adress`='桂林',`id_`='4504221999787874552',`major`='物流管理',`img`='',`update_time`=1642609080  WHERE  `id` = 1616040107 [ RunTime:0.000561s ]
---------------------------------------------------------------
[ 2022-01-20T00:18:01+08:00 ] 127.0.0.1 GET tp5/index.php/admin/show_admin.html
[运行时间：0.053005s] [吞吐率：18.87req/s] [内存消耗：2,928.77kb] [文件加载：54]
[ info ] [ LANG ] D:\phpstudy_pro\WWW\myyds_tp5\thinkphp\lang\zh-cn.php
[ info ] [ BIND ] 'index'
[ info ] [ ROUTE ] array (
  'type' => 'module',
  'module' => 
  array (
    0 => 'index',
    1 => 'admin',
    2 => 'show_admin',
  ),
)
[ info ] [ HEADER ] array (
  'cookie' => 'PHPSESSID=qd2cp1btl3c23ffd3mnrfn98tn',
  'accept-language' => 'zh-CN,zh;q=0.9',
  'accept-encoding' => 'gzip, deflate',
  'referer' => 'http://tp5/index.php/admin/do_edit_user_admin.html',
  'accept' => 'text/html,application/xhtml+xml,application/xml;q=0.9,image/avif,image/webp,image/apng,*/*;q=0.8,application/signed-exchange;v=b3;q=0.9',
  'user-agent' => 'Mozilla/5.0 (Windows NT 10.0; Win64; x64) AppleWebKit/537.36 (KHTML, like Gecko) Chrome/95.0.4638.69 Safari/537.36',
  'upgrade-insecure-requests' => '1',
  'connection' => 'close',
  'host' => 'tp5',
)
[ info ] [ PARAM ] array (
)
[ info ] [ SESSION ] INIT array (
  'id' => '',
  'var_session_id' => '',
  'prefix' => 'index',
  'type' => '',
  'auto_start' => true,
  'path' => 'D:\\phpstudy_pro\\WWW\\myyds_tp5\\runtime\\temp\\',
  'expire' => 0,
)
[ info ] [ RUN ] app\index\controller\Admin->show_admin[ D:\phpstudy_pro\WWW\myyds_tp5\application\Index\controller\Admin.php ]
[ info ] [ DB ] INIT mysql
[ info ] [ VIEW ] D:\phpstudy_pro\WWW\myyds_tp5\public/../application/index\view\admin\show_admin.html [ array (
  0 => 'data_list',
  1 => 'page',
  2 => 'data_list1',
  3 => 'page1',
  4 => 'data_list3',
  5 => 'page3',
  6 => 'countuser',
  7 => 'countteacher',
) ]
[ info ] [ LOG ] INIT File
[ sql ] [ DB ] CONNECT:[ UseTime:0.010860s ] mysql:host=127.0.0.1;dbname=mall;charset=utf8
[ sql ] [ SQL ] SHOW COLUMNS FROM `user` [ RunTime:0.000990s ]
[ sql ] [ SQL ] SELECT COUNT(*) AS tp_count FROM `user` LIMIT 1 [ RunTime:0.000430s ]
[ sql ] [ SQL ] SELECT * FROM `user` ORDER BY `id` LIMIT 0,8 [ RunTime:0.000445s ]
[ sql ] [ SQL ] SHOW COLUMNS FROM `teacher` [ RunTime:0.000906s ]
[ sql ] [ SQL ] SELECT COUNT(*) AS tp_count FROM `teacher` LIMIT 1 [ RunTime:0.000327s ]
[ sql ] [ SQL ] SELECT * FROM `teacher` ORDER BY `id` LIMIT 0,8 [ RunTime:0.000344s ]
[ sql ] [ SQL ] SHOW COLUMNS FROM `admin` [ RunTime:0.000840s ]
[ sql ] [ SQL ] SELECT COUNT(*) AS tp_count FROM `admin` LIMIT 1 [ RunTime:0.000474s ]
[ sql ] [ SQL ] SELECT * FROM `admin` ORDER BY `id` LIMIT 0,10 [ RunTime:0.000743s ]
[ sql ] [ SQL ] SELECT COUNT(*) AS tp_count FROM `user` LIMIT 1 [ RunTime:0.000572s ]
[ sql ] [ SQL ] SELECT COUNT(*) AS tp_count FROM `teacher` LIMIT 1 [ RunTime:0.000478s ]
[ error ] [8]未定义变量: info[D:\phpstudy_pro\WWW\myyds_tp5\runtime\temp\cf2a5bfc1b778c26e1d6fc51b59a644d.php:180]
[ error ] [8]未定义变量: info[D:\phpstudy_pro\WWW\myyds_tp5\runtime\temp\cf2a5bfc1b778c26e1d6fc51b59a644d.php:181]
[ error ] [8]未定义变量: data[D:\phpstudy_pro\WWW\myyds_tp5\runtime\temp\cf2a5bfc1b778c26e1d6fc51b59a644d.php:204]
[ error ] [8]未定义变量: data[D:\phpstudy_pro\WWW\myyds_tp5\runtime\temp\cf2a5bfc1b778c26e1d6fc51b59a644d.php:204]
