---------------------------------------------------------------
[ 2021-12-23T00:28:57+08:00 ] 127.0.0.1 GET tp5/index.php/index
[运行时间：0.941875s] [吞吐率：1.06req/s] [内存消耗：2,570.19kb] [文件加载：47]
[ info ] [ LANG ] D:\phpstudy_pro\WWW\myyds_tp5\thinkphp\lang\zh-cn.php
[ info ] [ BIND ] 'index'
[ info ] [ ROUTE ] array (
  'type' => 'module',
  'module' => 
  array (
    0 => 'index',
    1 => 'index',
    2 => NULL,
  ),
)
[ info ] [ HEADER ] array (
  'accept-language' => 'zh-CN,zh;q=0.9',
  'accept-encoding' => 'gzip, deflate',
  'accept' => 'text/html,application/xhtml+xml,application/xml;q=0.9,image/avif,image/webp,image/apng,*/*;q=0.8,application/signed-exchange;v=b3;q=0.9',
  'user-agent' => 'Mozilla/5.0 (Windows NT 10.0; Win64; x64) AppleWebKit/537.36 (KHTML, like Gecko) Chrome/95.0.4638.69 Safari/537.36',
  'upgrade-insecure-requests' => '1',
  'connection' => 'close',
  'host' => 'tp5',
)
[ info ] [ PARAM ] array (
)
[ info ] [ RUN ] app\index\controller\Index->index[ D:\phpstudy_pro\WWW\myyds_tp5\application\Index\controller\Index.php ]
[ info ] [ DB ] INIT mysql
[ info ] [ VIEW ] D:\phpstudy_pro\WWW\myyds_tp5\public/../application/index\view\index\index.html [ array (
  0 => 'data',
  1 => 'time',
) ]
[ info ] [ LOG ] INIT File
[ sql ] [ DB ] CONNECT:[ UseTime:0.100493s ] mysql:host=127.0.0.1;dbname=mall;charset=utf8
[ sql ] [ SQL ] SHOW COLUMNS FROM `admin` [ RunTime:0.161670s ]
[ sql ] [ SQL ] SELECT * FROM `admin` WHERE  `id` = 1 LIMIT 1 [ RunTime:0.005600s ]
[ error ] [8]未定义变量: time[D:\phpstudy_pro\WWW\myyds_tp5\application\Index\controller\Index.php:25]
---------------------------------------------------------------
[ 2021-12-23T00:28:57+08:00 ] 127.0.0.1 GET tp5/index.php/captcha.html
[运行时间：0.140062s] [吞吐率：7.14req/s] [内存消耗：1,244.37kb] [文件加载：30]
[ info ] [ LANG ] D:\phpstudy_pro\WWW\myyds_tp5\thinkphp\lang\zh-cn.php
[ info ] [ BIND ] 'index'
[ info ] [ ROUTE ] array (
  'type' => 'method',
  'method' => 
  array (
    0 => '\\think\\captcha\\CaptchaController',
    1 => 'index',
  ),
  'var' => 
  array (
  ),
)
[ info ] [ HEADER ] array (
  'accept-language' => 'zh-CN,zh;q=0.9',
  'accept-encoding' => 'gzip, deflate',
  'referer' => 'http://tp5/index.php/index',
  'accept' => 'image/avif,image/webp,image/apng,image/svg+xml,image/*,*/*;q=0.8',
  'user-agent' => 'Mozilla/5.0 (Windows NT 10.0; Win64; x64) AppleWebKit/537.36 (KHTML, like Gecko) Chrome/95.0.4638.69 Safari/537.36',
  'connection' => 'close',
  'host' => 'tp5',
)
[ info ] [ PARAM ] array (
  'id' => NULL,
)
[ info ] [ RUN ] think\captcha\CaptchaController->index[ D:\phpstudy_pro\WWW\myyds_tp5\vendor\topthink\think-captcha\src\CaptchaController.php ]
[ info ] [ SESSION ] INIT array (
  'id' => '',
  'var_session_id' => '',
  'prefix' => 'think',
  'type' => '',
  'auto_start' => true,
)
[ info ] [ LOG ] INIT File
---------------------------------------------------------------
[ 2021-12-23T00:28:59+08:00 ] 127.0.0.1 GET tp5/index.php/captcha.html?rand=0.5852508529899825
[运行时间：0.042846s] [吞吐率：23.34req/s] [内存消耗：1,245.30kb] [文件加载：30]
[ info ] [ LANG ] D:\phpstudy_pro\WWW\myyds_tp5\thinkphp\lang\zh-cn.php
[ info ] [ BIND ] 'index'
[ info ] [ ROUTE ] array (
  'type' => 'method',
  'method' => 
  array (
    0 => '\\think\\captcha\\CaptchaController',
    1 => 'index',
  ),
  'var' => 
  array (
  ),
)
[ info ] [ HEADER ] array (
  'cookie' => 'PHPSESSID=flrt7mne6f35ef9vl7de6d80bs',
  'accept-language' => 'zh-CN,zh;q=0.9',
  'accept-encoding' => 'gzip, deflate',
  'referer' => 'http://tp5/index.php/index',
  'accept' => 'image/avif,image/webp,image/apng,image/svg+xml,image/*,*/*;q=0.8',
  'user-agent' => 'Mozilla/5.0 (Windows NT 10.0; Win64; x64) AppleWebKit/537.36 (KHTML, like Gecko) Chrome/95.0.4638.69 Safari/537.36',
  'connection' => 'close',
  'host' => 'tp5',
)
[ info ] [ PARAM ] array (
  'rand' => '0.5852508529899825',
  'id' => NULL,
)
[ info ] [ RUN ] think\captcha\CaptchaController->index[ D:\phpstudy_pro\WWW\myyds_tp5\vendor\topthink\think-captcha\src\CaptchaController.php ]
[ info ] [ SESSION ] INIT array (
  'id' => '',
  'var_session_id' => '',
  'prefix' => 'think',
  'type' => '',
  'auto_start' => true,
)
[ info ] [ LOG ] INIT File
---------------------------------------------------------------
[ 2021-12-23T00:28:59+08:00 ] 127.0.0.1 GET tp5/index.php/captcha.html?rand=0.4392290898032074
[运行时间：0.031970s] [吞吐率：31.28req/s] [内存消耗：1,245.30kb] [文件加载：30]
[ info ] [ LANG ] D:\phpstudy_pro\WWW\myyds_tp5\thinkphp\lang\zh-cn.php
[ info ] [ BIND ] 'index'
[ info ] [ ROUTE ] array (
  'type' => 'method',
  'method' => 
  array (
    0 => '\\think\\captcha\\CaptchaController',
    1 => 'index',
  ),
  'var' => 
  array (
  ),
)
[ info ] [ HEADER ] array (
  'cookie' => 'PHPSESSID=flrt7mne6f35ef9vl7de6d80bs',
  'accept-language' => 'zh-CN,zh;q=0.9',
  'accept-encoding' => 'gzip, deflate',
  'referer' => 'http://tp5/index.php/index',
  'accept' => 'image/avif,image/webp,image/apng,image/svg+xml,image/*,*/*;q=0.8',
  'user-agent' => 'Mozilla/5.0 (Windows NT 10.0; Win64; x64) AppleWebKit/537.36 (KHTML, like Gecko) Chrome/95.0.4638.69 Safari/537.36',
  'connection' => 'close',
  'host' => 'tp5',
)
[ info ] [ PARAM ] array (
  'rand' => '0.4392290898032074',
  'id' => NULL,
)
[ info ] [ RUN ] think\captcha\CaptchaController->index[ D:\phpstudy_pro\WWW\myyds_tp5\vendor\topthink\think-captcha\src\CaptchaController.php ]
[ info ] [ SESSION ] INIT array (
  'id' => '',
  'var_session_id' => '',
  'prefix' => 'think',
  'type' => '',
  'auto_start' => true,
)
[ info ] [ LOG ] INIT File
---------------------------------------------------------------
[ 2021-12-23T00:28:59+08:00 ] 127.0.0.1 GET tp5/index.php/captcha.html?rand=0.9295198956221529
[运行时间：0.015183s] [吞吐率：65.86req/s] [内存消耗：1,245.30kb] [文件加载：30]
[ info ] [ LANG ] D:\phpstudy_pro\WWW\myyds_tp5\thinkphp\lang\zh-cn.php
[ info ] [ BIND ] 'index'
[ info ] [ ROUTE ] array (
  'type' => 'method',
  'method' => 
  array (
    0 => '\\think\\captcha\\CaptchaController',
    1 => 'index',
  ),
  'var' => 
  array (
  ),
)
[ info ] [ HEADER ] array (
  'cookie' => 'PHPSESSID=flrt7mne6f35ef9vl7de6d80bs',
  'accept-language' => 'zh-CN,zh;q=0.9',
  'accept-encoding' => 'gzip, deflate',
  'referer' => 'http://tp5/index.php/index',
  'accept' => 'image/avif,image/webp,image/apng,image/svg+xml,image/*,*/*;q=0.8',
  'user-agent' => 'Mozilla/5.0 (Windows NT 10.0; Win64; x64) AppleWebKit/537.36 (KHTML, like Gecko) Chrome/95.0.4638.69 Safari/537.36',
  'connection' => 'close',
  'host' => 'tp5',
)
[ info ] [ PARAM ] array (
  'rand' => '0.9295198956221529',
  'id' => NULL,
)
[ info ] [ RUN ] think\captcha\CaptchaController->index[ D:\phpstudy_pro\WWW\myyds_tp5\vendor\topthink\think-captcha\src\CaptchaController.php ]
[ info ] [ SESSION ] INIT array (
  'id' => '',
  'var_session_id' => '',
  'prefix' => 'think',
  'type' => '',
  'auto_start' => true,
)
[ info ] [ LOG ] INIT File
---------------------------------------------------------------
[ 2021-12-23T00:28:59+08:00 ] 127.0.0.1 GET tp5/index.php/captcha.html?rand=0.10335165632087273
[运行时间：0.025523s] [吞吐率：39.18req/s] [内存消耗：1,245.32kb] [文件加载：30]
[ info ] [ LANG ] D:\phpstudy_pro\WWW\myyds_tp5\thinkphp\lang\zh-cn.php
[ info ] [ BIND ] 'index'
[ info ] [ ROUTE ] array (
  'type' => 'method',
  'method' => 
  array (
    0 => '\\think\\captcha\\CaptchaController',
    1 => 'index',
  ),
  'var' => 
  array (
  ),
)
[ info ] [ HEADER ] array (
  'cookie' => 'PHPSESSID=flrt7mne6f35ef9vl7de6d80bs',
  'accept-language' => 'zh-CN,zh;q=0.9',
  'accept-encoding' => 'gzip, deflate',
  'referer' => 'http://tp5/index.php/index',
  'accept' => 'image/avif,image/webp,image/apng,image/svg+xml,image/*,*/*;q=0.8',
  'user-agent' => 'Mozilla/5.0 (Windows NT 10.0; Win64; x64) AppleWebKit/537.36 (KHTML, like Gecko) Chrome/95.0.4638.69 Safari/537.36',
  'connection' => 'close',
  'host' => 'tp5',
)
[ info ] [ PARAM ] array (
  'rand' => '0.10335165632087273',
  'id' => NULL,
)
[ info ] [ RUN ] think\captcha\CaptchaController->index[ D:\phpstudy_pro\WWW\myyds_tp5\vendor\topthink\think-captcha\src\CaptchaController.php ]
[ info ] [ SESSION ] INIT array (
  'id' => '',
  'var_session_id' => '',
  'prefix' => 'think',
  'type' => '',
  'auto_start' => true,
)
[ info ] [ LOG ] INIT File
---------------------------------------------------------------
[ 2021-12-23T00:29:00+08:00 ] 127.0.0.1 GET tp5/index.php/captcha.html?rand=0.8253423146845518
[运行时间：0.016922s] [吞吐率：59.09req/s] [内存消耗：1,245.30kb] [文件加载：30]
[ info ] [ LANG ] D:\phpstudy_pro\WWW\myyds_tp5\thinkphp\lang\zh-cn.php
[ info ] [ BIND ] 'index'
[ info ] [ ROUTE ] array (
  'type' => 'method',
  'method' => 
  array (
    0 => '\\think\\captcha\\CaptchaController',
    1 => 'index',
  ),
  'var' => 
  array (
  ),
)
[ info ] [ HEADER ] array (
  'cookie' => 'PHPSESSID=flrt7mne6f35ef9vl7de6d80bs',
  'accept-language' => 'zh-CN,zh;q=0.9',
  'accept-encoding' => 'gzip, deflate',
  'referer' => 'http://tp5/index.php/index',
  'accept' => 'image/avif,image/webp,image/apng,image/svg+xml,image/*,*/*;q=0.8',
  'user-agent' => 'Mozilla/5.0 (Windows NT 10.0; Win64; x64) AppleWebKit/537.36 (KHTML, like Gecko) Chrome/95.0.4638.69 Safari/537.36',
  'connection' => 'close',
  'host' => 'tp5',
)
[ info ] [ PARAM ] array (
  'rand' => '0.8253423146845518',
  'id' => NULL,
)
[ info ] [ RUN ] think\captcha\CaptchaController->index[ D:\phpstudy_pro\WWW\myyds_tp5\vendor\topthink\think-captcha\src\CaptchaController.php ]
[ info ] [ SESSION ] INIT array (
  'id' => '',
  'var_session_id' => '',
  'prefix' => 'think',
  'type' => '',
  'auto_start' => true,
)
[ info ] [ LOG ] INIT File
---------------------------------------------------------------
[ 2021-12-23T00:29:05+08:00 ] 127.0.0.1 GET tp5/index.php/index/inasodasda
[运行时间：0.055832s] [吞吐率：17.91req/s] [内存消耗：1,601.48kb] [文件加载：37]
[ info ] [ LANG ] D:\phpstudy_pro\WWW\myyds_tp5\thinkphp\lang\zh-cn.php
[ info ] [ BIND ] 'index'
[ info ] [ ROUTE ] array (
  'type' => 'module',
  'module' => 
  array (
    0 => 'index',
    1 => 'index',
    2 => 'inasodasda',
  ),
)
[ info ] [ HEADER ] array (
  'cookie' => 'PHPSESSID=flrt7mne6f35ef9vl7de6d80bs',
  'accept-language' => 'zh-CN,zh;q=0.9',
  'accept-encoding' => 'gzip, deflate',
  'accept' => 'text/html,application/xhtml+xml,application/xml;q=0.9,image/avif,image/webp,image/apng,*/*;q=0.8,application/signed-exchange;v=b3;q=0.9',
  'user-agent' => 'Mozilla/5.0 (Windows NT 10.0; Win64; x64) AppleWebKit/537.36 (KHTML, like Gecko) Chrome/95.0.4638.69 Safari/537.36',
  'upgrade-insecure-requests' => '1',
  'connection' => 'close',
  'host' => 'tp5',
)
[ info ] [ PARAM ] array (
)
[ info ] [ RUN ] app\index\controller\Index->_empty[ D:\phpstudy_pro\WWW\myyds_tp5\application\Index\controller\Index.php ]
[ info ] [ LOG ] INIT File
---------------------------------------------------------------
[ 2021-12-23T00:29:05+08:00 ] 127.0.0.1 GET tp5/index.php/index/index.html
[运行时间：0.052972s] [吞吐率：18.88req/s] [内存消耗：1,224.52kb] [文件加载：31]
[ info ] [ LANG ] D:\phpstudy_pro\WWW\myyds_tp5\thinkphp\lang\zh-cn.php
[ info ] [ BIND ] 'index'
[ info ] [ LOG ] INIT File
---------------------------------------------------------------
[ 2021-12-23T00:29:11+08:00 ] 127.0.0.1 GET tp5/index.php/index/index
[运行时间：0.022341s] [吞吐率：44.76req/s] [内存消耗：1,224.50kb] [文件加载：31]
[ info ] [ LANG ] D:\phpstudy_pro\WWW\myyds_tp5\thinkphp\lang\zh-cn.php
[ info ] [ BIND ] 'index'
[ info ] [ LOG ] INIT File
---------------------------------------------------------------
[ 2021-12-23T00:29:15+08:00 ] 127.0.0.1 GET tp5/index.php/index/index/index
[运行时间：0.021537s] [吞吐率：46.43req/s] [内存消耗：1,224.59kb] [文件加载：31]
[ info ] [ LANG ] D:\phpstudy_pro\WWW\myyds_tp5\thinkphp\lang\zh-cn.php
[ info ] [ BIND ] 'index'
[ info ] [ LOG ] INIT File
---------------------------------------------------------------
[ 2021-12-23T00:29:44+08:00 ] 127.0.0.1 GET tp5/index.php/index/index/show_user.html
[运行时间：0.020231s] [吞吐率：49.43req/s] [内存消耗：1,224.63kb] [文件加载：31]
[ info ] [ LANG ] D:\phpstudy_pro\WWW\myyds_tp5\thinkphp\lang\zh-cn.php
[ info ] [ BIND ] 'index'
[ info ] [ LOG ] INIT File
---------------------------------------------------------------
[ 2021-12-23T00:29:46+08:00 ] 127.0.0.1 GET tp5/index.php/index/index/show_user.html
[运行时间：0.018032s] [吞吐率：55.46req/s] [内存消耗：1,224.76kb] [文件加载：31]
[ info ] [ LANG ] D:\phpstudy_pro\WWW\myyds_tp5\thinkphp\lang\zh-cn.php
[ info ] [ BIND ] 'index'
[ info ] [ LOG ] INIT File
---------------------------------------------------------------
[ 2021-12-23T00:29:49+08:00 ] 127.0.0.1 GET tp5/index.php
[运行时间：0.041594s] [吞吐率：24.04req/s] [内存消耗：2,571.78kb] [文件加载：47]
[ info ] [ LANG ] D:\phpstudy_pro\WWW\myyds_tp5\thinkphp\lang\zh-cn.php
[ info ] [ BIND ] 'index'
[ info ] [ ROUTE ] array (
  'type' => 'module',
  'module' => 
  array (
    0 => 'index',
    1 => 'index',
    2 => 'index',
  ),
  'convert' => false,
)
[ info ] [ HEADER ] array (
  'cookie' => 'PHPSESSID=flrt7mne6f35ef9vl7de6d80bs',
  'accept-language' => 'zh-CN,zh;q=0.9',
  'accept-encoding' => 'gzip, deflate',
  'purpose' => 'prefetch',
  'accept' => 'text/html,application/xhtml+xml,application/xml;q=0.9,image/avif,image/webp,image/apng,*/*;q=0.8,application/signed-exchange;v=b3;q=0.9',
  'user-agent' => 'Mozilla/5.0 (Windows NT 10.0; Win64; x64) AppleWebKit/537.36 (KHTML, like Gecko) Chrome/95.0.4638.69 Safari/537.36',
  'upgrade-insecure-requests' => '1',
  'connection' => 'close',
  'host' => 'tp5',
)
[ info ] [ PARAM ] array (
)
[ info ] [ RUN ] app\index\controller\Index->index[ D:\phpstudy_pro\WWW\myyds_tp5\application\Index\controller\Index.php ]
[ info ] [ DB ] INIT mysql
[ info ] [ VIEW ] D:\phpstudy_pro\WWW\myyds_tp5\public/../application/index\view\index\index.html [ array (
  0 => 'data',
  1 => 'time',
) ]
[ info ] [ LOG ] INIT File
[ sql ] [ DB ] CONNECT:[ UseTime:0.001088s ] mysql:host=127.0.0.1;dbname=mall;charset=utf8
[ sql ] [ SQL ] SHOW COLUMNS FROM `admin` [ RunTime:0.001196s ]
[ sql ] [ SQL ] SELECT * FROM `admin` WHERE  `id` = 1 LIMIT 1 [ RunTime:0.000479s ]
[ error ] [8]未定义变量: time[D:\phpstudy_pro\WWW\myyds_tp5\application\Index\controller\Index.php:25]
---------------------------------------------------------------
[ 2021-12-23T00:29:49+08:00 ] 127.0.0.1 GET tp5/index.php/captcha.html
[运行时间：0.024805s] [吞吐率：40.31req/s] [内存消耗：1,245.23kb] [文件加载：30]
[ info ] [ LANG ] D:\phpstudy_pro\WWW\myyds_tp5\thinkphp\lang\zh-cn.php
[ info ] [ BIND ] 'index'
[ info ] [ ROUTE ] array (
  'type' => 'method',
  'method' => 
  array (
    0 => '\\think\\captcha\\CaptchaController',
    1 => 'index',
  ),
  'var' => 
  array (
  ),
)
[ info ] [ HEADER ] array (
  'cookie' => 'PHPSESSID=flrt7mne6f35ef9vl7de6d80bs',
  'accept-language' => 'zh-CN,zh;q=0.9',
  'accept-encoding' => 'gzip, deflate',
  'referer' => 'http://tp5/index.php',
  'purpose' => 'prefetch',
  'accept' => 'application/signed-exchange;v=b3;q=0.7,*/*;q=0.8',
  'user-agent' => 'Mozilla/5.0 (Windows NT 10.0; Win64; x64) AppleWebKit/537.36 (KHTML, like Gecko) Chrome/95.0.4638.69 Safari/537.36',
  'connection' => 'close',
  'host' => 'tp5',
)
[ info ] [ PARAM ] array (
  'id' => NULL,
)
[ info ] [ RUN ] think\captcha\CaptchaController->index[ D:\phpstudy_pro\WWW\myyds_tp5\vendor\topthink\think-captcha\src\CaptchaController.php ]
[ info ] [ SESSION ] INIT array (
  'id' => '',
  'var_session_id' => '',
  'prefix' => 'think',
  'type' => '',
  'auto_start' => true,
)
[ info ] [ LOG ] INIT File
---------------------------------------------------------------
[ 2021-12-23T00:29:49+08:00 ] 127.0.0.1 GET tp5/index.php/captcha.html
[运行时间：0.025431s] [吞吐率：39.32req/s] [内存消耗：1,244.78kb] [文件加载：30]
[ info ] [ LANG ] D:\phpstudy_pro\WWW\myyds_tp5\thinkphp\lang\zh-cn.php
[ info ] [ BIND ] 'index'
[ info ] [ ROUTE ] array (
  'type' => 'method',
  'method' => 
  array (
    0 => '\\think\\captcha\\CaptchaController',
    1 => 'index',
  ),
  'var' => 
  array (
  ),
)
[ info ] [ HEADER ] array (
  'cookie' => 'PHPSESSID=flrt7mne6f35ef9vl7de6d80bs',
  'accept-language' => 'zh-CN,zh;q=0.9',
  'accept-encoding' => 'gzip, deflate',
  'referer' => 'http://tp5/index.php',
  'accept' => 'image/avif,image/webp,image/apng,image/svg+xml,image/*,*/*;q=0.8',
  'user-agent' => 'Mozilla/5.0 (Windows NT 10.0; Win64; x64) AppleWebKit/537.36 (KHTML, like Gecko) Chrome/95.0.4638.69 Safari/537.36',
  'connection' => 'close',
  'host' => 'tp5',
)
[ info ] [ PARAM ] array (
  'id' => NULL,
)
[ info ] [ RUN ] think\captcha\CaptchaController->index[ D:\phpstudy_pro\WWW\myyds_tp5\vendor\topthink\think-captcha\src\CaptchaController.php ]
[ info ] [ SESSION ] INIT array (
  'id' => '',
  'var_session_id' => '',
  'prefix' => 'think',
  'type' => '',
  'auto_start' => true,
)
[ info ] [ LOG ] INIT File
---------------------------------------------------------------
[ 2021-12-23T00:29:53+08:00 ] 127.0.0.1 GET tp5/index.php/sadasd
[运行时间：0.020549s] [吞吐率：48.66req/s] [内存消耗：1,232.02kb] [文件加载：32]
[ info ] [ LANG ] D:\phpstudy_pro\WWW\myyds_tp5\thinkphp\lang\zh-cn.php
[ info ] [ BIND ] 'index'
[ info ] [ ROUTE ] array (
  'type' => 'module',
  'module' => 
  array (
    0 => 'index',
    1 => 'sadasd',
    2 => NULL,
  ),
)
[ info ] [ HEADER ] array (
  'cookie' => 'PHPSESSID=flrt7mne6f35ef9vl7de6d80bs',
  'accept-language' => 'zh-CN,zh;q=0.9',
  'accept-encoding' => 'gzip, deflate',
  'accept' => 'text/html,application/xhtml+xml,application/xml;q=0.9,image/avif,image/webp,image/apng,*/*;q=0.8,application/signed-exchange;v=b3;q=0.9',
  'user-agent' => 'Mozilla/5.0 (Windows NT 10.0; Win64; x64) AppleWebKit/537.36 (KHTML, like Gecko) Chrome/95.0.4638.69 Safari/537.36',
  'upgrade-insecure-requests' => '1',
  'connection' => 'close',
  'host' => 'tp5',
)
[ info ] [ PARAM ] array (
)
[ info ] [ LOG ] INIT File
---------------------------------------------------------------
[ 2021-12-23T00:29:57+08:00 ] 127.0.0.1 GET tp5/index.php/index
[运行时间：0.040114s] [吞吐率：24.93req/s] [内存消耗：2,571.20kb] [文件加载：47]
[ info ] [ LANG ] D:\phpstudy_pro\WWW\myyds_tp5\thinkphp\lang\zh-cn.php
[ info ] [ BIND ] 'index'
[ info ] [ ROUTE ] array (
  'type' => 'module',
  'module' => 
  array (
    0 => 'index',
    1 => 'index',
    2 => NULL,
  ),
)
[ info ] [ HEADER ] array (
  'cookie' => 'PHPSESSID=flrt7mne6f35ef9vl7de6d80bs',
  'accept-language' => 'zh-CN,zh;q=0.9',
  'accept-encoding' => 'gzip, deflate',
  'purpose' => 'prefetch',
  'accept' => 'text/html,application/xhtml+xml,application/xml;q=0.9,image/avif,image/webp,image/apng,*/*;q=0.8,application/signed-exchange;v=b3;q=0.9',
  'user-agent' => 'Mozilla/5.0 (Windows NT 10.0; Win64; x64) AppleWebKit/537.36 (KHTML, like Gecko) Chrome/95.0.4638.69 Safari/537.36',
  'upgrade-insecure-requests' => '1',
  'connection' => 'close',
  'host' => 'tp5',
)
[ info ] [ PARAM ] array (
)
[ info ] [ RUN ] app\index\controller\Index->index[ D:\phpstudy_pro\WWW\myyds_tp5\application\Index\controller\Index.php ]
[ info ] [ DB ] INIT mysql
[ info ] [ VIEW ] D:\phpstudy_pro\WWW\myyds_tp5\public/../application/index\view\index\index.html [ array (
  0 => 'data',
  1 => 'time',
) ]
[ info ] [ LOG ] INIT File
[ sql ] [ DB ] CONNECT:[ UseTime:0.001200s ] mysql:host=127.0.0.1;dbname=mall;charset=utf8
[ sql ] [ SQL ] SHOW COLUMNS FROM `admin` [ RunTime:0.001245s ]
[ sql ] [ SQL ] SELECT * FROM `admin` WHERE  `id` = 1 LIMIT 1 [ RunTime:0.000671s ]
[ error ] [8]未定义变量: time[D:\phpstudy_pro\WWW\myyds_tp5\application\Index\controller\Index.php:25]
---------------------------------------------------------------
[ 2021-12-23T00:29:57+08:00 ] 127.0.0.1 GET tp5/index.php/captcha.html
[运行时间：0.019896s] [吞吐率：50.26req/s] [内存消耗：1,245.26kb] [文件加载：30]
[ info ] [ LANG ] D:\phpstudy_pro\WWW\myyds_tp5\thinkphp\lang\zh-cn.php
[ info ] [ BIND ] 'index'
[ info ] [ ROUTE ] array (
  'type' => 'method',
  'method' => 
  array (
    0 => '\\think\\captcha\\CaptchaController',
    1 => 'index',
  ),
  'var' => 
  array (
  ),
)
[ info ] [ HEADER ] array (
  'cookie' => 'PHPSESSID=flrt7mne6f35ef9vl7de6d80bs',
  'accept-language' => 'zh-CN,zh;q=0.9',
  'accept-encoding' => 'gzip, deflate',
  'referer' => 'http://tp5/index.php/index',
  'purpose' => 'prefetch',
  'accept' => 'application/signed-exchange;v=b3;q=0.7,*/*;q=0.8',
  'user-agent' => 'Mozilla/5.0 (Windows NT 10.0; Win64; x64) AppleWebKit/537.36 (KHTML, like Gecko) Chrome/95.0.4638.69 Safari/537.36',
  'connection' => 'close',
  'host' => 'tp5',
)
[ info ] [ PARAM ] array (
  'id' => NULL,
)
[ info ] [ RUN ] think\captcha\CaptchaController->index[ D:\phpstudy_pro\WWW\myyds_tp5\vendor\topthink\think-captcha\src\CaptchaController.php ]
[ info ] [ SESSION ] INIT array (
  'id' => '',
  'var_session_id' => '',
  'prefix' => 'think',
  'type' => '',
  'auto_start' => true,
)
[ info ] [ LOG ] INIT File
---------------------------------------------------------------
[ 2021-12-23T00:29:58+08:00 ] 127.0.0.1 GET tp5/index.php/captcha.html
[运行时间：0.026130s] [吞吐率：38.27req/s] [内存消耗：1,244.80kb] [文件加载：30]
[ info ] [ LANG ] D:\phpstudy_pro\WWW\myyds_tp5\thinkphp\lang\zh-cn.php
[ info ] [ BIND ] 'index'
[ info ] [ ROUTE ] array (
  'type' => 'method',
  'method' => 
  array (
    0 => '\\think\\captcha\\CaptchaController',
    1 => 'index',
  ),
  'var' => 
  array (
  ),
)
[ info ] [ HEADER ] array (
  'cookie' => 'PHPSESSID=flrt7mne6f35ef9vl7de6d80bs',
  'accept-language' => 'zh-CN,zh;q=0.9',
  'accept-encoding' => 'gzip, deflate',
  'referer' => 'http://tp5/index.php/index',
  'accept' => 'image/avif,image/webp,image/apng,image/svg+xml,image/*,*/*;q=0.8',
  'user-agent' => 'Mozilla/5.0 (Windows NT 10.0; Win64; x64) AppleWebKit/537.36 (KHTML, like Gecko) Chrome/95.0.4638.69 Safari/537.36',
  'connection' => 'close',
  'host' => 'tp5',
)
[ info ] [ PARAM ] array (
  'id' => NULL,
)
[ info ] [ RUN ] think\captcha\CaptchaController->index[ D:\phpstudy_pro\WWW\myyds_tp5\vendor\topthink\think-captcha\src\CaptchaController.php ]
[ info ] [ SESSION ] INIT array (
  'id' => '',
  'var_session_id' => '',
  'prefix' => 'think',
  'type' => '',
  'auto_start' => true,
)
[ info ] [ LOG ] INIT File
---------------------------------------------------------------
[ 2021-12-23T00:30:01+08:00 ] 127.0.0.1 GET tp5/index.php/index/asdasda
[运行时间：0.026559s] [吞吐率：37.65req/s] [内存消耗：1,601.44kb] [文件加载：37]
[ info ] [ LANG ] D:\phpstudy_pro\WWW\myyds_tp5\thinkphp\lang\zh-cn.php
[ info ] [ BIND ] 'index'
[ info ] [ ROUTE ] array (
  'type' => 'module',
  'module' => 
  array (
    0 => 'index',
    1 => 'index',
    2 => 'asdasda',
  ),
)
[ info ] [ HEADER ] array (
  'cookie' => 'PHPSESSID=flrt7mne6f35ef9vl7de6d80bs',
  'accept-language' => 'zh-CN,zh;q=0.9',
  'accept-encoding' => 'gzip, deflate',
  'accept' => 'text/html,application/xhtml+xml,application/xml;q=0.9,image/avif,image/webp,image/apng,*/*;q=0.8,application/signed-exchange;v=b3;q=0.9',
  'user-agent' => 'Mozilla/5.0 (Windows NT 10.0; Win64; x64) AppleWebKit/537.36 (KHTML, like Gecko) Chrome/95.0.4638.69 Safari/537.36',
  'upgrade-insecure-requests' => '1',
  'connection' => 'close',
  'host' => 'tp5',
)
[ info ] [ PARAM ] array (
)
[ info ] [ RUN ] app\index\controller\Index->_empty[ D:\phpstudy_pro\WWW\myyds_tp5\application\Index\controller\Index.php ]
[ info ] [ LOG ] INIT File
---------------------------------------------------------------
[ 2021-12-23T00:30:01+08:00 ] 127.0.0.1 GET tp5/index.php/index/index.html
[运行时间：0.017324s] [吞吐率：57.72req/s] [内存消耗：1,224.52kb] [文件加载：31]
[ info ] [ LANG ] D:\phpstudy_pro\WWW\myyds_tp5\thinkphp\lang\zh-cn.php
[ info ] [ BIND ] 'index'
[ info ] [ LOG ] INIT File
---------------------------------------------------------------
[ 2021-12-23T00:30:06+08:00 ] 127.0.0.1 GET tp5/index.php/index
[运行时间：0.032957s] [吞吐率：30.34req/s] [内存消耗：2,570.70kb] [文件加载：47]
[ info ] [ LANG ] D:\phpstudy_pro\WWW\myyds_tp5\thinkphp\lang\zh-cn.php
[ info ] [ BIND ] 'index'
[ info ] [ ROUTE ] array (
  'type' => 'module',
  'module' => 
  array (
    0 => 'index',
    1 => 'index',
    2 => NULL,
  ),
)
[ info ] [ HEADER ] array (
  'cookie' => 'PHPSESSID=flrt7mne6f35ef9vl7de6d80bs',
  'accept-language' => 'zh-CN,zh;q=0.9',
  'accept-encoding' => 'gzip, deflate',
  'accept' => 'text/html,application/xhtml+xml,application/xml;q=0.9,image/avif,image/webp,image/apng,*/*;q=0.8,application/signed-exchange;v=b3;q=0.9',
  'user-agent' => 'Mozilla/5.0 (Windows NT 10.0; Win64; x64) AppleWebKit/537.36 (KHTML, like Gecko) Chrome/95.0.4638.69 Safari/537.36',
  'upgrade-insecure-requests' => '1',
  'connection' => 'close',
  'host' => 'tp5',
)
[ info ] [ PARAM ] array (
)
[ info ] [ RUN ] app\index\controller\Index->index[ D:\phpstudy_pro\WWW\myyds_tp5\application\Index\controller\Index.php ]
[ info ] [ DB ] INIT mysql
[ info ] [ VIEW ] D:\phpstudy_pro\WWW\myyds_tp5\public/../application/index\view\index\index.html [ array (
  0 => 'data',
  1 => 'time',
) ]
[ info ] [ LOG ] INIT File
[ sql ] [ DB ] CONNECT:[ UseTime:0.001043s ] mysql:host=127.0.0.1;dbname=mall;charset=utf8
[ sql ] [ SQL ] SHOW COLUMNS FROM `admin` [ RunTime:0.001019s ]
[ sql ] [ SQL ] SELECT * FROM `admin` WHERE  `id` = 1 LIMIT 1 [ RunTime:0.000561s ]
[ error ] [8]未定义变量: time[D:\phpstudy_pro\WWW\myyds_tp5\application\Index\controller\Index.php:25]
---------------------------------------------------------------
[ 2021-12-23T00:30:06+08:00 ] 127.0.0.1 GET tp5/index.php/captcha.html
[运行时间：0.022265s] [吞吐率：44.91req/s] [内存消耗：1,244.80kb] [文件加载：30]
[ info ] [ LANG ] D:\phpstudy_pro\WWW\myyds_tp5\thinkphp\lang\zh-cn.php
[ info ] [ BIND ] 'index'
[ info ] [ ROUTE ] array (
  'type' => 'method',
  'method' => 
  array (
    0 => '\\think\\captcha\\CaptchaController',
    1 => 'index',
  ),
  'var' => 
  array (
  ),
)
[ info ] [ HEADER ] array (
  'cookie' => 'PHPSESSID=flrt7mne6f35ef9vl7de6d80bs',
  'accept-language' => 'zh-CN,zh;q=0.9',
  'accept-encoding' => 'gzip, deflate',
  'referer' => 'http://tp5/index.php/index',
  'accept' => 'image/avif,image/webp,image/apng,image/svg+xml,image/*,*/*;q=0.8',
  'user-agent' => 'Mozilla/5.0 (Windows NT 10.0; Win64; x64) AppleWebKit/537.36 (KHTML, like Gecko) Chrome/95.0.4638.69 Safari/537.36',
  'connection' => 'close',
  'host' => 'tp5',
)
[ info ] [ PARAM ] array (
  'id' => NULL,
)
[ info ] [ RUN ] think\captcha\CaptchaController->index[ D:\phpstudy_pro\WWW\myyds_tp5\vendor\topthink\think-captcha\src\CaptchaController.php ]
[ info ] [ SESSION ] INIT array (
  'id' => '',
  'var_session_id' => '',
  'prefix' => 'think',
  'type' => '',
  'auto_start' => true,
)
[ info ] [ LOG ] INIT File
---------------------------------------------------------------
[ 2021-12-23T00:30:09+08:00 ] 127.0.0.1 GET tp5/index.php/indexasdasdsad
[运行时间：0.020214s] [吞吐率：49.47req/s] [内存消耗：1,232.15kb] [文件加载：32]
[ info ] [ LANG ] D:\phpstudy_pro\WWW\myyds_tp5\thinkphp\lang\zh-cn.php
[ info ] [ BIND ] 'index'
[ info ] [ ROUTE ] array (
  'type' => 'module',
  'module' => 
  array (
    0 => 'index',
    1 => 'indexasdasdsad',
    2 => NULL,
  ),
)
[ info ] [ HEADER ] array (
  'cookie' => 'PHPSESSID=flrt7mne6f35ef9vl7de6d80bs',
  'accept-language' => 'zh-CN,zh;q=0.9',
  'accept-encoding' => 'gzip, deflate',
  'accept' => 'text/html,application/xhtml+xml,application/xml;q=0.9,image/avif,image/webp,image/apng,*/*;q=0.8,application/signed-exchange;v=b3;q=0.9',
  'user-agent' => 'Mozilla/5.0 (Windows NT 10.0; Win64; x64) AppleWebKit/537.36 (KHTML, like Gecko) Chrome/95.0.4638.69 Safari/537.36',
  'upgrade-insecure-requests' => '1',
  'connection' => 'close',
  'host' => 'tp5',
)
[ info ] [ PARAM ] array (
)
[ info ] [ LOG ] INIT File
---------------------------------------------------------------
[ 2021-12-23T00:40:47+08:00 ] 127.0.0.1 GET tp5/index.php/asdas
[运行时间：0.028368s] [吞吐率：35.25req/s] [内存消耗：1,232.02kb] [文件加载：32]
[ info ] [ LANG ] D:\phpstudy_pro\WWW\myyds_tp5\thinkphp\lang\zh-cn.php
[ info ] [ BIND ] 'index'
[ info ] [ ROUTE ] array (
  'type' => 'module',
  'module' => 
  array (
    0 => 'index',
    1 => 'asdas',
    2 => NULL,
  ),
)
[ info ] [ HEADER ] array (
  'cookie' => 'PHPSESSID=flrt7mne6f35ef9vl7de6d80bs',
  'accept-language' => 'zh-CN,zh;q=0.9',
  'accept-encoding' => 'gzip, deflate',
  'accept' => 'text/html,application/xhtml+xml,application/xml;q=0.9,image/avif,image/webp,image/apng,*/*;q=0.8,application/signed-exchange;v=b3;q=0.9',
  'user-agent' => 'Mozilla/5.0 (Windows NT 10.0; Win64; x64) AppleWebKit/537.36 (KHTML, like Gecko) Chrome/95.0.4638.69 Safari/537.36',
  'upgrade-insecure-requests' => '1',
  'connection' => 'close',
  'host' => 'tp5',
)
[ info ] [ PARAM ] array (
)
[ info ] [ LOG ] INIT File
