---------------------------------------------------------------
[ 2021-12-26T04:15:19+08:00 ] 127.0.0.1 GET tp5/index.php/asdas
[运行时间：0.774135s] [吞吐率：1.29req/s] [内存消耗：1,232.54kb] [文件加载：32]
[ info ] [ LANG ] D:\phpstudy_pro\WWW\myyds_tp5\thinkphp\lang\zh-cn.php
[ info ] [ BIND ] 'index'
[ info ] [ ROUTE ] array (
  'type' => 'module',
  'module' => 
  array (
    0 => 'index',
    1 => 'asdas',
    2 => NULL,
  ),
)
[ info ] [ HEADER ] array (
  'cookie' => 'PHPSESSID=flrt7mne6f35ef9vl7de6d80bs',
  'accept-language' => 'zh-CN,zh;q=0.9',
  'accept-encoding' => 'gzip, deflate',
  'accept' => 'text/html,application/xhtml+xml,application/xml;q=0.9,image/avif,image/webp,image/apng,*/*;q=0.8,application/signed-exchange;v=b3;q=0.9',
  'user-agent' => 'Mozilla/5.0 (Windows NT 10.0; Win64; x64) AppleWebKit/537.36 (KHTML, like Gecko) Chrome/95.0.4638.69 Safari/537.36',
  'upgrade-insecure-requests' => '1',
  'cache-control' => 'max-age=0',
  'connection' => 'close',
  'host' => 'tp5',
)
[ info ] [ PARAM ] array (
)
[ info ] [ LOG ] INIT File
---------------------------------------------------------------
[ 2021-12-26T04:15:25+08:00 ] 127.0.0.1 GET tp5/index.php/asdas
[运行时间：0.027414s] [吞吐率：36.48req/s] [内存消耗：1,232.54kb] [文件加载：32]
[ info ] [ LANG ] D:\phpstudy_pro\WWW\myyds_tp5\thinkphp\lang\zh-cn.php
[ info ] [ BIND ] 'index'
[ info ] [ ROUTE ] array (
  'type' => 'module',
  'module' => 
  array (
    0 => 'index',
    1 => 'asdas',
    2 => NULL,
  ),
)
[ info ] [ HEADER ] array (
  'cookie' => 'PHPSESSID=flrt7mne6f35ef9vl7de6d80bs',
  'accept-language' => 'zh-CN,zh;q=0.9',
  'accept-encoding' => 'gzip, deflate',
  'accept' => 'text/html,application/xhtml+xml,application/xml;q=0.9,image/avif,image/webp,image/apng,*/*;q=0.8,application/signed-exchange;v=b3;q=0.9',
  'user-agent' => 'Mozilla/5.0 (Windows NT 10.0; Win64; x64) AppleWebKit/537.36 (KHTML, like Gecko) Chrome/95.0.4638.69 Safari/537.36',
  'upgrade-insecure-requests' => '1',
  'cache-control' => 'max-age=0',
  'connection' => 'close',
  'host' => 'tp5',
)
[ info ] [ PARAM ] array (
)
[ info ] [ LOG ] INIT File
---------------------------------------------------------------
[ 2021-12-26T04:16:48+08:00 ] 127.0.0.1 GET tp5/index.php/index
[运行时间：2.498982s] [吞吐率：0.40req/s] [内存消耗：2,571.20kb] [文件加载：47]
[ info ] [ LANG ] D:\phpstudy_pro\WWW\myyds_tp5\thinkphp\lang\zh-cn.php
[ info ] [ BIND ] 'index'
[ info ] [ ROUTE ] array (
  'type' => 'module',
  'module' => 
  array (
    0 => 'index',
    1 => 'index',
    2 => NULL,
  ),
)
[ info ] [ HEADER ] array (
  'cookie' => 'PHPSESSID=flrt7mne6f35ef9vl7de6d80bs',
  'accept-language' => 'zh-CN,zh;q=0.9',
  'accept-encoding' => 'gzip, deflate',
  'purpose' => 'prefetch',
  'accept' => 'text/html,application/xhtml+xml,application/xml;q=0.9,image/avif,image/webp,image/apng,*/*;q=0.8,application/signed-exchange;v=b3;q=0.9',
  'user-agent' => 'Mozilla/5.0 (Windows NT 10.0; Win64; x64) AppleWebKit/537.36 (KHTML, like Gecko) Chrome/95.0.4638.69 Safari/537.36',
  'upgrade-insecure-requests' => '1',
  'connection' => 'close',
  'host' => 'tp5',
)
[ info ] [ PARAM ] array (
)
[ info ] [ RUN ] app\index\controller\Index->index[ D:\phpstudy_pro\WWW\myyds_tp5\application\Index\controller\Index.php ]
[ info ] [ DB ] INIT mysql
[ info ] [ VIEW ] D:\phpstudy_pro\WWW\myyds_tp5\public/../application/index\view\index\index.html [ array (
  0 => 'data',
  1 => 'time',
) ]
[ info ] [ LOG ] INIT File
[ sql ] [ DB ] CONNECT:[ UseTime:1.460720s ] mysql:host=127.0.0.1;dbname=mall;charset=utf8
[ sql ] [ SQL ] SHOW COLUMNS FROM `admin` [ RunTime:0.402064s ]
[ sql ] [ SQL ] SELECT * FROM `admin` WHERE  `id` = 1 LIMIT 1 [ RunTime:0.020474s ]
[ error ] [8]未定义变量: time[D:\phpstudy_pro\WWW\myyds_tp5\application\Index\controller\Index.php:25]
---------------------------------------------------------------
[ 2021-12-26T04:16:48+08:00 ] 127.0.0.1 GET tp5/index.php/captcha.html
[运行时间：0.401311s] [吞吐率：2.49req/s] [内存消耗：1,245.26kb] [文件加载：30]
[ info ] [ LANG ] D:\phpstudy_pro\WWW\myyds_tp5\thinkphp\lang\zh-cn.php
[ info ] [ BIND ] 'index'
[ info ] [ ROUTE ] array (
  'type' => 'method',
  'method' => 
  array (
    0 => '\\think\\captcha\\CaptchaController',
    1 => 'index',
  ),
  'var' => 
  array (
  ),
)
[ info ] [ HEADER ] array (
  'cookie' => 'PHPSESSID=flrt7mne6f35ef9vl7de6d80bs',
  'accept-language' => 'zh-CN,zh;q=0.9',
  'accept-encoding' => 'gzip, deflate',
  'referer' => 'http://tp5/index.php/index',
  'purpose' => 'prefetch',
  'accept' => 'application/signed-exchange;v=b3;q=0.7,*/*;q=0.8',
  'user-agent' => 'Mozilla/5.0 (Windows NT 10.0; Win64; x64) AppleWebKit/537.36 (KHTML, like Gecko) Chrome/95.0.4638.69 Safari/537.36',
  'connection' => 'close',
  'host' => 'tp5',
)
[ info ] [ PARAM ] array (
  'id' => NULL,
)
[ info ] [ RUN ] think\captcha\CaptchaController->index[ D:\phpstudy_pro\WWW\myyds_tp5\vendor\topthink\think-captcha\src\CaptchaController.php ]
[ info ] [ SESSION ] INIT array (
  'id' => '',
  'var_session_id' => '',
  'prefix' => 'think',
  'type' => '',
  'auto_start' => true,
)
[ info ] [ LOG ] INIT File
---------------------------------------------------------------
[ 2021-12-26T04:16:48+08:00 ] 127.0.0.1 GET tp5/index.php/captcha.html
[运行时间：0.047538s] [吞吐率：21.04req/s] [内存消耗：1,244.80kb] [文件加载：30]
[ info ] [ LANG ] D:\phpstudy_pro\WWW\myyds_tp5\thinkphp\lang\zh-cn.php
[ info ] [ BIND ] 'index'
[ info ] [ ROUTE ] array (
  'type' => 'method',
  'method' => 
  array (
    0 => '\\think\\captcha\\CaptchaController',
    1 => 'index',
  ),
  'var' => 
  array (
  ),
)
[ info ] [ HEADER ] array (
  'cookie' => 'PHPSESSID=flrt7mne6f35ef9vl7de6d80bs',
  'accept-language' => 'zh-CN,zh;q=0.9',
  'accept-encoding' => 'gzip, deflate',
  'referer' => 'http://tp5/index.php/index',
  'accept' => 'image/avif,image/webp,image/apng,image/svg+xml,image/*,*/*;q=0.8',
  'user-agent' => 'Mozilla/5.0 (Windows NT 10.0; Win64; x64) AppleWebKit/537.36 (KHTML, like Gecko) Chrome/95.0.4638.69 Safari/537.36',
  'connection' => 'close',
  'host' => 'tp5',
)
[ info ] [ PARAM ] array (
  'id' => NULL,
)
[ info ] [ RUN ] think\captcha\CaptchaController->index[ D:\phpstudy_pro\WWW\myyds_tp5\vendor\topthink\think-captcha\src\CaptchaController.php ]
[ info ] [ SESSION ] INIT array (
  'id' => '',
  'var_session_id' => '',
  'prefix' => 'think',
  'type' => '',
  'auto_start' => true,
)
[ info ] [ LOG ] INIT File
---------------------------------------------------------------
[ 2021-12-26T04:16:51+08:00 ] 127.0.0.1 GET tp5/index.php/index/sadasd
[运行时间：0.069437s] [吞吐率：14.40req/s] [内存消耗：1,601.34kb] [文件加载：37]
[ info ] [ LANG ] D:\phpstudy_pro\WWW\myyds_tp5\thinkphp\lang\zh-cn.php
[ info ] [ BIND ] 'index'
[ info ] [ ROUTE ] array (
  'type' => 'module',
  'module' => 
  array (
    0 => 'index',
    1 => 'index',
    2 => 'sadasd',
  ),
)
[ info ] [ HEADER ] array (
  'cookie' => 'PHPSESSID=flrt7mne6f35ef9vl7de6d80bs',
  'accept-language' => 'zh-CN,zh;q=0.9',
  'accept-encoding' => 'gzip, deflate',
  'accept' => 'text/html,application/xhtml+xml,application/xml;q=0.9,image/avif,image/webp,image/apng,*/*;q=0.8,application/signed-exchange;v=b3;q=0.9',
  'user-agent' => 'Mozilla/5.0 (Windows NT 10.0; Win64; x64) AppleWebKit/537.36 (KHTML, like Gecko) Chrome/95.0.4638.69 Safari/537.36',
  'upgrade-insecure-requests' => '1',
  'connection' => 'close',
  'host' => 'tp5',
)
[ info ] [ PARAM ] array (
)
[ info ] [ RUN ] app\index\controller\Index->_empty[ D:\phpstudy_pro\WWW\myyds_tp5\application\Index\controller\Index.php ]
[ info ] [ LOG ] INIT File
---------------------------------------------------------------
[ 2021-12-26T04:16:52+08:00 ] 127.0.0.1 GET tp5/index.php/index/index.html
[运行时间：0.016006s] [吞吐率：62.48req/s] [内存消耗：1,224.52kb] [文件加载：31]
[ info ] [ LANG ] D:\phpstudy_pro\WWW\myyds_tp5\thinkphp\lang\zh-cn.php
[ info ] [ BIND ] 'index'
[ info ] [ LOG ] INIT File
---------------------------------------------------------------
[ 2021-12-26T04:17:27+08:00 ] 127.0.0.1 GET tp5/index.php/index/index.html
[运行时间：0.025828s] [吞吐率：38.72req/s] [内存消耗：1,224.64kb] [文件加载：31]
[ info ] [ LANG ] D:\phpstudy_pro\WWW\myyds_tp5\thinkphp\lang\zh-cn.php
[ info ] [ BIND ] 'index'
[ info ] [ LOG ] INIT File
---------------------------------------------------------------
[ 2021-12-26T04:17:43+08:00 ] 127.0.0.1 GET tp5/index.php/index/index.html
[运行时间：0.082381s] [吞吐率：12.14req/s] [内存消耗：1,224.64kb] [文件加载：31]
[ info ] [ LANG ] D:\phpstudy_pro\WWW\myyds_tp5\thinkphp\lang\zh-cn.php
[ info ] [ BIND ] 'index'
[ info ] [ LOG ] INIT File
---------------------------------------------------------------
[ 2021-12-26T04:17:48+08:00 ] 127.0.0.1 GET tp5/index.php/index/asdsad
[运行时间：0.034123s] [吞吐率：29.31req/s] [内存消耗：1,601.34kb] [文件加载：37]
[ info ] [ LANG ] D:\phpstudy_pro\WWW\myyds_tp5\thinkphp\lang\zh-cn.php
[ info ] [ BIND ] 'index'
[ info ] [ ROUTE ] array (
  'type' => 'module',
  'module' => 
  array (
    0 => 'index',
    1 => 'index',
    2 => 'asdsad',
  ),
)
[ info ] [ HEADER ] array (
  'cookie' => 'PHPSESSID=flrt7mne6f35ef9vl7de6d80bs',
  'accept-language' => 'zh-CN,zh;q=0.9',
  'accept-encoding' => 'gzip, deflate',
  'accept' => 'text/html,application/xhtml+xml,application/xml;q=0.9,image/avif,image/webp,image/apng,*/*;q=0.8,application/signed-exchange;v=b3;q=0.9',
  'user-agent' => 'Mozilla/5.0 (Windows NT 10.0; Win64; x64) AppleWebKit/537.36 (KHTML, like Gecko) Chrome/95.0.4638.69 Safari/537.36',
  'upgrade-insecure-requests' => '1',
  'connection' => 'close',
  'host' => 'tp5',
)
[ info ] [ PARAM ] array (
)
[ info ] [ RUN ] app\index\controller\Index->_empty[ D:\phpstudy_pro\WWW\myyds_tp5\application\Index\controller\Index.php ]
[ info ] [ LOG ] INIT File
---------------------------------------------------------------
[ 2021-12-26T04:17:48+08:00 ] 127.0.0.1 GET tp5/index.php/index/index.html
[运行时间：0.016990s] [吞吐率：58.86req/s] [内存消耗：1,224.52kb] [文件加载：31]
[ info ] [ LANG ] D:\phpstudy_pro\WWW\myyds_tp5\thinkphp\lang\zh-cn.php
[ info ] [ BIND ] 'index'
[ info ] [ LOG ] INIT File
---------------------------------------------------------------
[ 2021-12-26T04:17:58+08:00 ] 127.0.0.1 GET tp5/index.php/index/index
[运行时间：0.035102s] [吞吐率：28.49req/s] [内存消耗：1,224.50kb] [文件加载：31]
[ info ] [ LANG ] D:\phpstudy_pro\WWW\myyds_tp5\thinkphp\lang\zh-cn.php
[ info ] [ BIND ] 'index'
[ info ] [ LOG ] INIT File
---------------------------------------------------------------
[ 2021-12-26T04:18:01+08:00 ] 127.0.0.1 GET tp5/index.php/index/index/asdas
[运行时间：0.039408s] [吞吐率：25.38req/s] [内存消耗：1,224.47kb] [文件加载：31]
[ info ] [ LANG ] D:\phpstudy_pro\WWW\myyds_tp5\thinkphp\lang\zh-cn.php
[ info ] [ BIND ] 'index'
[ info ] [ LOG ] INIT File
---------------------------------------------------------------
[ 2021-12-26T04:18:10+08:00 ] 127.0.0.1 GET tp5/index.php/index/asdasd
[运行时间：0.026994s] [吞吐率：37.05req/s] [内存消耗：1,601.34kb] [文件加载：37]
[ info ] [ LANG ] D:\phpstudy_pro\WWW\myyds_tp5\thinkphp\lang\zh-cn.php
[ info ] [ BIND ] 'index'
[ info ] [ ROUTE ] array (
  'type' => 'module',
  'module' => 
  array (
    0 => 'index',
    1 => 'index',
    2 => 'asdasd',
  ),
)
[ info ] [ HEADER ] array (
  'cookie' => 'PHPSESSID=flrt7mne6f35ef9vl7de6d80bs',
  'accept-language' => 'zh-CN,zh;q=0.9',
  'accept-encoding' => 'gzip, deflate',
  'accept' => 'text/html,application/xhtml+xml,application/xml;q=0.9,image/avif,image/webp,image/apng,*/*;q=0.8,application/signed-exchange;v=b3;q=0.9',
  'user-agent' => 'Mozilla/5.0 (Windows NT 10.0; Win64; x64) AppleWebKit/537.36 (KHTML, like Gecko) Chrome/95.0.4638.69 Safari/537.36',
  'upgrade-insecure-requests' => '1',
  'connection' => 'close',
  'host' => 'tp5',
)
[ info ] [ PARAM ] array (
)
[ info ] [ RUN ] app\index\controller\Index->_empty[ D:\phpstudy_pro\WWW\myyds_tp5\application\Index\controller\Index.php ]
[ info ] [ LOG ] INIT File
---------------------------------------------------------------
[ 2021-12-26T04:18:10+08:00 ] 127.0.0.1 GET tp5/index.php/index/index.html
[运行时间：0.017726s] [吞吐率：56.41req/s] [内存消耗：1,224.52kb] [文件加载：31]
[ info ] [ LANG ] D:\phpstudy_pro\WWW\myyds_tp5\thinkphp\lang\zh-cn.php
[ info ] [ BIND ] 'index'
[ info ] [ LOG ] INIT File
---------------------------------------------------------------
[ 2021-12-26T04:19:51+08:00 ] 127.0.0.1 GET tp5/index.php/index/index/index
[运行时间：0.030639s] [吞吐率：32.64req/s] [内存消耗：1,224.59kb] [文件加载：31]
[ info ] [ LANG ] D:\phpstudy_pro\WWW\myyds_tp5\thinkphp\lang\zh-cn.php
[ info ] [ BIND ] 'index'
[ info ] [ LOG ] INIT File
---------------------------------------------------------------
[ 2021-12-26T04:19:58+08:00 ] 127.0.0.1 GET tp5/index.php
[运行时间：0.123795s] [吞吐率：8.08req/s] [内存消耗：2,571.78kb] [文件加载：47]
[ info ] [ LANG ] D:\phpstudy_pro\WWW\myyds_tp5\thinkphp\lang\zh-cn.php
[ info ] [ BIND ] 'index'
[ info ] [ ROUTE ] array (
  'type' => 'module',
  'module' => 
  array (
    0 => 'index',
    1 => 'index',
    2 => 'index',
  ),
  'convert' => false,
)
[ info ] [ HEADER ] array (
  'cookie' => 'PHPSESSID=flrt7mne6f35ef9vl7de6d80bs',
  'accept-language' => 'zh-CN,zh;q=0.9',
  'accept-encoding' => 'gzip, deflate',
  'purpose' => 'prefetch',
  'accept' => 'text/html,application/xhtml+xml,application/xml;q=0.9,image/avif,image/webp,image/apng,*/*;q=0.8,application/signed-exchange;v=b3;q=0.9',
  'user-agent' => 'Mozilla/5.0 (Windows NT 10.0; Win64; x64) AppleWebKit/537.36 (KHTML, like Gecko) Chrome/95.0.4638.69 Safari/537.36',
  'upgrade-insecure-requests' => '1',
  'connection' => 'close',
  'host' => 'tp5',
)
[ info ] [ PARAM ] array (
)
[ info ] [ RUN ] app\index\controller\Index->index[ D:\phpstudy_pro\WWW\myyds_tp5\application\Index\controller\Index.php ]
[ info ] [ DB ] INIT mysql
[ info ] [ VIEW ] D:\phpstudy_pro\WWW\myyds_tp5\public/../application/index\view\index\index.html [ array (
  0 => 'data',
  1 => 'time',
) ]
[ info ] [ LOG ] INIT File
[ sql ] [ DB ] CONNECT:[ UseTime:0.017579s ] mysql:host=127.0.0.1;dbname=mall;charset=utf8
[ sql ] [ SQL ] SHOW COLUMNS FROM `admin` [ RunTime:0.053211s ]
[ sql ] [ SQL ] SELECT * FROM `admin` WHERE  `id` = 1 LIMIT 1 [ RunTime:0.000841s ]
[ error ] [8]未定义变量: time[D:\phpstudy_pro\WWW\myyds_tp5\application\Index\controller\Index.php:25]
---------------------------------------------------------------
[ 2021-12-26T04:19:58+08:00 ] 127.0.0.1 GET tp5/index.php/captcha.html
[运行时间：0.019158s] [吞吐率：52.20req/s] [内存消耗：1,245.23kb] [文件加载：30]
[ info ] [ LANG ] D:\phpstudy_pro\WWW\myyds_tp5\thinkphp\lang\zh-cn.php
[ info ] [ BIND ] 'index'
[ info ] [ ROUTE ] array (
  'type' => 'method',
  'method' => 
  array (
    0 => '\\think\\captcha\\CaptchaController',
    1 => 'index',
  ),
  'var' => 
  array (
  ),
)
[ info ] [ HEADER ] array (
  'cookie' => 'PHPSESSID=flrt7mne6f35ef9vl7de6d80bs',
  'accept-language' => 'zh-CN,zh;q=0.9',
  'accept-encoding' => 'gzip, deflate',
  'referer' => 'http://tp5/index.php',
  'purpose' => 'prefetch',
  'accept' => 'application/signed-exchange;v=b3;q=0.7,*/*;q=0.8',
  'user-agent' => 'Mozilla/5.0 (Windows NT 10.0; Win64; x64) AppleWebKit/537.36 (KHTML, like Gecko) Chrome/95.0.4638.69 Safari/537.36',
  'connection' => 'close',
  'host' => 'tp5',
)
[ info ] [ PARAM ] array (
  'id' => NULL,
)
[ info ] [ RUN ] think\captcha\CaptchaController->index[ D:\phpstudy_pro\WWW\myyds_tp5\vendor\topthink\think-captcha\src\CaptchaController.php ]
[ info ] [ SESSION ] INIT array (
  'id' => '',
  'var_session_id' => '',
  'prefix' => 'think',
  'type' => '',
  'auto_start' => true,
)
[ info ] [ LOG ] INIT File
---------------------------------------------------------------
[ 2021-12-26T04:19:59+08:00 ] 127.0.0.1 GET tp5/index.php/captcha.html
[运行时间：0.024600s] [吞吐率：40.65req/s] [内存消耗：1,244.78kb] [文件加载：30]
[ info ] [ LANG ] D:\phpstudy_pro\WWW\myyds_tp5\thinkphp\lang\zh-cn.php
[ info ] [ BIND ] 'index'
[ info ] [ ROUTE ] array (
  'type' => 'method',
  'method' => 
  array (
    0 => '\\think\\captcha\\CaptchaController',
    1 => 'index',
  ),
  'var' => 
  array (
  ),
)
[ info ] [ HEADER ] array (
  'cookie' => 'PHPSESSID=flrt7mne6f35ef9vl7de6d80bs',
  'accept-language' => 'zh-CN,zh;q=0.9',
  'accept-encoding' => 'gzip, deflate',
  'referer' => 'http://tp5/index.php',
  'accept' => 'image/avif,image/webp,image/apng,image/svg+xml,image/*,*/*;q=0.8',
  'user-agent' => 'Mozilla/5.0 (Windows NT 10.0; Win64; x64) AppleWebKit/537.36 (KHTML, like Gecko) Chrome/95.0.4638.69 Safari/537.36',
  'connection' => 'close',
  'host' => 'tp5',
)
[ info ] [ PARAM ] array (
  'id' => NULL,
)
[ info ] [ RUN ] think\captcha\CaptchaController->index[ D:\phpstudy_pro\WWW\myyds_tp5\vendor\topthink\think-captcha\src\CaptchaController.php ]
[ info ] [ SESSION ] INIT array (
  'id' => '',
  'var_session_id' => '',
  'prefix' => 'think',
  'type' => '',
  'auto_start' => true,
)
[ info ] [ LOG ] INIT File
---------------------------------------------------------------
[ 2021-12-26T04:20:06+08:00 ] 127.0.0.1 POST tp5/index.php/index/login.html
[运行时间：0.238985s] [吞吐率：4.18req/s] [内存消耗：2,534.84kb] [文件加载：45]
[ info ] [ LANG ] D:\phpstudy_pro\WWW\myyds_tp5\thinkphp\lang\zh-cn.php
[ info ] [ BIND ] 'index'
[ info ] [ ROUTE ] array (
  'type' => 'module',
  'module' => 
  array (
    0 => 'index',
    1 => 'index',
    2 => 'login',
  ),
)
[ info ] [ HEADER ] array (
  'cookie' => 'PHPSESSID=flrt7mne6f35ef9vl7de6d80bs',
  'accept-language' => 'zh-CN,zh;q=0.9',
  'accept-encoding' => 'gzip, deflate',
  'referer' => 'http://tp5/index.php',
  'accept' => 'text/html,application/xhtml+xml,application/xml;q=0.9,image/avif,image/webp,image/apng,*/*;q=0.8,application/signed-exchange;v=b3;q=0.9',
  'user-agent' => 'Mozilla/5.0 (Windows NT 10.0; Win64; x64) AppleWebKit/537.36 (KHTML, like Gecko) Chrome/95.0.4638.69 Safari/537.36',
  'content-type' => 'application/x-www-form-urlencoded',
  'origin' => 'http://tp5',
  'upgrade-insecure-requests' => '1',
  'cache-control' => 'max-age=0',
  'content-length' => '105',
  'connection' => 'close',
  'host' => 'tp5',
)
[ info ] [ PARAM ] array (
  'id' => '1',
  'password' => '1',
  'LanguageSelect' => '中文',
  'txtCaptcha' => '',
  'Hid_MacValue' => '',
  'Btn_Login' => '登 录',
)
[ info ] [ RUN ] app\index\controller\Index->login[ D:\phpstudy_pro\WWW\myyds_tp5\application\Index\controller\Index.php ]
[ info ] [ DB ] INIT mysql
[ info ] [ SESSION ] INIT array (
  'id' => '',
  'var_session_id' => '',
  'prefix' => 'think',
  'type' => '',
  'auto_start' => true,
)
[ info ] [ VIEW ] D:\phpstudy_pro\WWW\myyds_tp5\thinkphp\tpl\dispatch_jump.tpl [ array (
  0 => 'code',
  1 => 'msg',
  2 => 'data',
  3 => 'url',
  4 => 'wait',
) ]
[ info ] [ LOG ] INIT File
[ sql ] [ DB ] CONNECT:[ UseTime:0.010404s ] mysql:host=127.0.0.1;dbname=mall;charset=utf8
[ sql ] [ SQL ] SHOW COLUMNS FROM `user` [ RunTime:0.038797s ]
[ sql ] [ SQL ] SELECT * FROM `user` WHERE  `id` = 1 LIMIT 1 [ RunTime:0.028169s ]
[ sql ] [ SQL ] SHOW COLUMNS FROM `teacher` [ RunTime:0.064578s ]
[ sql ] [ SQL ] SELECT * FROM `teacher` WHERE  `id` = 1 LIMIT 1 [ RunTime:0.000504s ]
[ sql ] [ SQL ] SHOW COLUMNS FROM `admin` [ RunTime:0.001528s ]
[ sql ] [ SQL ] SELECT * FROM `admin` WHERE  `id` = 1 LIMIT 1 [ RunTime:0.000553s ]
---------------------------------------------------------------
[ 2021-12-26T04:20:08+08:00 ] 127.0.0.1 GET tp5/index.php/index/show_admin.html
[运行时间：0.286537s] [吞吐率：3.49req/s] [内存消耗：2,701.39kb] [文件加载：51]
[ info ] [ LANG ] D:\phpstudy_pro\WWW\myyds_tp5\thinkphp\lang\zh-cn.php
[ info ] [ BIND ] 'index'
[ info ] [ ROUTE ] array (
  'type' => 'module',
  'module' => 
  array (
    0 => 'index',
    1 => 'index',
    2 => 'show_admin',
  ),
)
[ info ] [ HEADER ] array (
  'cookie' => 'PHPSESSID=flrt7mne6f35ef9vl7de6d80bs',
  'accept-language' => 'zh-CN,zh;q=0.9',
  'accept-encoding' => 'gzip, deflate',
  'referer' => 'http://tp5/index.php/index/login.html',
  'accept' => 'text/html,application/xhtml+xml,application/xml;q=0.9,image/avif,image/webp,image/apng,*/*;q=0.8,application/signed-exchange;v=b3;q=0.9',
  'user-agent' => 'Mozilla/5.0 (Windows NT 10.0; Win64; x64) AppleWebKit/537.36 (KHTML, like Gecko) Chrome/95.0.4638.69 Safari/537.36',
  'upgrade-insecure-requests' => '1',
  'connection' => 'close',
  'host' => 'tp5',
)
[ info ] [ PARAM ] array (
)
[ info ] [ RUN ] app\index\controller\Index->show_admin[ D:\phpstudy_pro\WWW\myyds_tp5\application\Index\controller\Index.php ]
[ info ] [ DB ] INIT mysql
[ info ] [ VIEW ] D:\phpstudy_pro\WWW\myyds_tp5\public/../application/index\view\index\show_admin.html [ array (
  0 => 'data_list',
  1 => 'page',
  2 => 'data_list1',
  3 => 'page1',
  4 => 'data_list3',
  5 => 'page3',
) ]
[ info ] [ LOG ] INIT File
[ sql ] [ DB ] CONNECT:[ UseTime:0.001309s ] mysql:host=127.0.0.1;dbname=mall;charset=utf8
[ sql ] [ SQL ] SHOW COLUMNS FROM `user` [ RunTime:0.001466s ]
[ sql ] [ SQL ] SELECT COUNT(*) AS tp_count FROM `user` LIMIT 1 [ RunTime:0.048182s ]
[ sql ] [ SQL ] SELECT * FROM `user` ORDER BY `id` LIMIT 0,10 [ RunTime:0.034099s ]
[ sql ] [ SQL ] SHOW COLUMNS FROM `teacher` [ RunTime:0.002888s ]
[ sql ] [ SQL ] SELECT COUNT(*) AS tp_count FROM `teacher` LIMIT 1 [ RunTime:0.001038s ]
[ sql ] [ SQL ] SELECT * FROM `teacher` ORDER BY `id` LIMIT 0,10 [ RunTime:0.001514s ]
[ sql ] [ SQL ] SHOW COLUMNS FROM `admin` [ RunTime:0.003073s ]
[ sql ] [ SQL ] SELECT COUNT(*) AS tp_count FROM `admin` LIMIT 1 [ RunTime:0.000838s ]
[ sql ] [ SQL ] SELECT * FROM `admin` ORDER BY `id` LIMIT 0,10 [ RunTime:0.000959s ]
[ error ] [8]未定义变量: info[D:\phpstudy_pro\WWW\myyds_tp5\runtime\temp\d55b12c94ec0a75161b91055e5d14e31.php:143]
[ error ] [8]未定义变量: info[D:\phpstudy_pro\WWW\myyds_tp5\runtime\temp\d55b12c94ec0a75161b91055e5d14e31.php:144]
[ error ] [8]未定义变量: data[D:\phpstudy_pro\WWW\myyds_tp5\runtime\temp\d55b12c94ec0a75161b91055e5d14e31.php:167]
[ error ] [8]未定义变量: data[D:\phpstudy_pro\WWW\myyds_tp5\runtime\temp\d55b12c94ec0a75161b91055e5d14e31.php:167]
---------------------------------------------------------------
[ 2021-12-26T04:20:16+08:00 ] 127.0.0.1 GET tp5/index.php/index/show_admin.html?page=2
[运行时间：0.056584s] [吞吐率：17.67req/s] [内存消耗：2,689.83kb] [文件加载：51]
[ info ] [ LANG ] D:\phpstudy_pro\WWW\myyds_tp5\thinkphp\lang\zh-cn.php
[ info ] [ BIND ] 'index'
[ info ] [ ROUTE ] array (
  'type' => 'module',
  'module' => 
  array (
    0 => 'index',
    1 => 'index',
    2 => 'show_admin',
  ),
)
[ info ] [ HEADER ] array (
  'cookie' => 'PHPSESSID=flrt7mne6f35ef9vl7de6d80bs',
  'accept-language' => 'zh-CN,zh;q=0.9',
  'accept-encoding' => 'gzip, deflate',
  'referer' => 'http://tp5/index.php/index/show_admin.html',
  'accept' => 'text/html,application/xhtml+xml,application/xml;q=0.9,image/avif,image/webp,image/apng,*/*;q=0.8,application/signed-exchange;v=b3;q=0.9',
  'user-agent' => 'Mozilla/5.0 (Windows NT 10.0; Win64; x64) AppleWebKit/537.36 (KHTML, like Gecko) Chrome/95.0.4638.69 Safari/537.36',
  'upgrade-insecure-requests' => '1',
  'connection' => 'close',
  'host' => 'tp5',
)
[ info ] [ PARAM ] array (
  'page' => '2',
)
[ info ] [ RUN ] app\index\controller\Index->show_admin[ D:\phpstudy_pro\WWW\myyds_tp5\application\Index\controller\Index.php ]
[ info ] [ DB ] INIT mysql
[ info ] [ VIEW ] D:\phpstudy_pro\WWW\myyds_tp5\public/../application/index\view\index\show_admin.html [ array (
  0 => 'data_list',
  1 => 'page',
  2 => 'data_list1',
  3 => 'page1',
  4 => 'data_list3',
  5 => 'page3',
) ]
[ info ] [ LOG ] INIT File
[ sql ] [ DB ] CONNECT:[ UseTime:0.001084s ] mysql:host=127.0.0.1;dbname=mall;charset=utf8
[ sql ] [ SQL ] SHOW COLUMNS FROM `user` [ RunTime:0.000999s ]
[ sql ] [ SQL ] SELECT COUNT(*) AS tp_count FROM `user` LIMIT 1 [ RunTime:0.000400s ]
[ sql ] [ SQL ] SELECT * FROM `user` ORDER BY `id` LIMIT 10,10 [ RunTime:0.000581s ]
[ sql ] [ SQL ] SHOW COLUMNS FROM `teacher` [ RunTime:0.001090s ]
[ sql ] [ SQL ] SELECT COUNT(*) AS tp_count FROM `teacher` LIMIT 1 [ RunTime:0.000416s ]
[ sql ] [ SQL ] SELECT * FROM `teacher` ORDER BY `id` LIMIT 10,10 [ RunTime:0.000828s ]
[ sql ] [ SQL ] SHOW COLUMNS FROM `admin` [ RunTime:0.002395s ]
[ sql ] [ SQL ] SELECT COUNT(*) AS tp_count FROM `admin` LIMIT 1 [ RunTime:0.000672s ]
[ sql ] [ SQL ] SELECT * FROM `admin` ORDER BY `id` LIMIT 10,10 [ RunTime:0.000593s ]
[ error ] [8]未定义变量: info[D:\phpstudy_pro\WWW\myyds_tp5\runtime\temp\d55b12c94ec0a75161b91055e5d14e31.php:143]
[ error ] [8]未定义变量: info[D:\phpstudy_pro\WWW\myyds_tp5\runtime\temp\d55b12c94ec0a75161b91055e5d14e31.php:144]
[ error ] [8]未定义变量: data[D:\phpstudy_pro\WWW\myyds_tp5\runtime\temp\d55b12c94ec0a75161b91055e5d14e31.php:167]
[ error ] [8]未定义变量: data[D:\phpstudy_pro\WWW\myyds_tp5\runtime\temp\d55b12c94ec0a75161b91055e5d14e31.php:167]
---------------------------------------------------------------
[ 2021-12-26T04:20:18+08:00 ] 127.0.0.1 GET tp5/index.php/index/show_admin.html?page=1
[运行时间：0.054910s] [吞吐率：18.21req/s] [内存消耗：2,701.85kb] [文件加载：51]
[ info ] [ LANG ] D:\phpstudy_pro\WWW\myyds_tp5\thinkphp\lang\zh-cn.php
[ info ] [ BIND ] 'index'
[ info ] [ ROUTE ] array (
  'type' => 'module',
  'module' => 
  array (
    0 => 'index',
    1 => 'index',
    2 => 'show_admin',
  ),
)
[ info ] [ HEADER ] array (
  'cookie' => 'PHPSESSID=flrt7mne6f35ef9vl7de6d80bs',
  'accept-language' => 'zh-CN,zh;q=0.9',
  'accept-encoding' => 'gzip, deflate',
  'referer' => 'http://tp5/index.php/index/show_admin.html?page=2',
  'accept' => 'text/html,application/xhtml+xml,application/xml;q=0.9,image/avif,image/webp,image/apng,*/*;q=0.8,application/signed-exchange;v=b3;q=0.9',
  'user-agent' => 'Mozilla/5.0 (Windows NT 10.0; Win64; x64) AppleWebKit/537.36 (KHTML, like Gecko) Chrome/95.0.4638.69 Safari/537.36',
  'upgrade-insecure-requests' => '1',
  'connection' => 'close',
  'host' => 'tp5',
)
[ info ] [ PARAM ] array (
  'page' => '1',
)
[ info ] [ RUN ] app\index\controller\Index->show_admin[ D:\phpstudy_pro\WWW\myyds_tp5\application\Index\controller\Index.php ]
[ info ] [ DB ] INIT mysql
[ info ] [ VIEW ] D:\phpstudy_pro\WWW\myyds_tp5\public/../application/index\view\index\show_admin.html [ array (
  0 => 'data_list',
  1 => 'page',
  2 => 'data_list1',
  3 => 'page1',
  4 => 'data_list3',
  5 => 'page3',
) ]
[ info ] [ LOG ] INIT File
[ sql ] [ DB ] CONNECT:[ UseTime:0.001458s ] mysql:host=127.0.0.1;dbname=mall;charset=utf8
[ sql ] [ SQL ] SHOW COLUMNS FROM `user` [ RunTime:0.001185s ]
[ sql ] [ SQL ] SELECT COUNT(*) AS tp_count FROM `user` LIMIT 1 [ RunTime:0.000424s ]
[ sql ] [ SQL ] SELECT * FROM `user` ORDER BY `id` LIMIT 0,10 [ RunTime:0.000535s ]
[ sql ] [ SQL ] SHOW COLUMNS FROM `teacher` [ RunTime:0.001351s ]
[ sql ] [ SQL ] SELECT COUNT(*) AS tp_count FROM `teacher` LIMIT 1 [ RunTime:0.000464s ]
[ sql ] [ SQL ] SELECT * FROM `teacher` ORDER BY `id` LIMIT 0,10 [ RunTime:0.000533s ]
[ sql ] [ SQL ] SHOW COLUMNS FROM `admin` [ RunTime:0.001094s ]
[ sql ] [ SQL ] SELECT COUNT(*) AS tp_count FROM `admin` LIMIT 1 [ RunTime:0.000450s ]
[ sql ] [ SQL ] SELECT * FROM `admin` ORDER BY `id` LIMIT 0,10 [ RunTime:0.000426s ]
[ error ] [8]未定义变量: info[D:\phpstudy_pro\WWW\myyds_tp5\runtime\temp\d55b12c94ec0a75161b91055e5d14e31.php:143]
[ error ] [8]未定义变量: info[D:\phpstudy_pro\WWW\myyds_tp5\runtime\temp\d55b12c94ec0a75161b91055e5d14e31.php:144]
[ error ] [8]未定义变量: data[D:\phpstudy_pro\WWW\myyds_tp5\runtime\temp\d55b12c94ec0a75161b91055e5d14e31.php:167]
[ error ] [8]未定义变量: data[D:\phpstudy_pro\WWW\myyds_tp5\runtime\temp\d55b12c94ec0a75161b91055e5d14e31.php:167]
